[11:48:43] Starting experiment run at Tue Apr 28 11:48:43 PDT 2026
[11:48:43] Experiment  : sw2d_seqlen_slow
[11:48:43] CSV output  : /home/zephans/bsg_bladerunner/bsg_replicant/examples/hb_hammerbench/apps/programs/results/results_20260428_114843.csv
[11:48:43] Log output  : /home/zephans/bsg_bladerunner/bsg_replicant/examples/hb_hammerbench/apps/programs/results/run_20260428_114843.log
[11:48:43] Apps to run : sw/2d
[11:48:43] UNIT_ID     : 2
[11:48:43] Speed label : slow
[11:48:43] Timeout     : 90s per test

[11:48:43] Pre-flight reset (may prompt for sudo password)
sudo /cluster_src/reset_half/hb_board_v0.5_init.bin 2
[BSG INFO] checking if init full software directory is valid
[BSG INFO] pressing soft reset button
[BSG INFO] performing reset full
Local  0 temperature is 24.8125 degree C
Remote 1 temperature is 26.8750 degree C
Remote 2 temperature is 27.3125 degree C
[BSG INFO] pressing soft reset button
[BSG INFO] performing reset full
Local  0 temperature is 24.8125 degree C
Remote 1 temperature is 26.8750 degree C
Remote 2 temperature is 27.3750 degree C
[BSG INFO] cleaning init full software
[BSG INFO] starting init full software
[BSG INFO] checking if init full software still running
[BSG INFO] performing refresh sdr full
[BSG INFO] finishing init full software
[BSG INFO] checking if init full software passed
[BSG INFO] performing refresh sdr init full
[BSG INFO] cleaning init full software
[BSG INFO] initialization succeeded
[11:48:55] reset complete

[11:48:55] Slow experiment — running cool_down (may prompt for sudo password)
sudo /cluster_src/reset_half/cool_down.py ttyBSG2
Local  0 temperature is 24.8125 degree C
Remote 1 temperature is 28.0000 degree C
Remote 2 temperature is 28.7500 degree C
[11:48:55] cool_down complete


[11:48:55] [0;36m=== sw/2d ===[0m
[11:48:55]   Regenerating test directories for sw/2d...
[11:48:55]   Found 6 test(s)
[11:49:29] [0;32mOK[0m      sw/2d / seq-len_1024__num-seq_1008__repeat_64  time=30.80506s  gcups=4.3919
[11:50:08] [0;32mOK[0m      sw/2d / seq-len_128__num-seq_8176__repeat_512  time=36.585525s  gcups=3.7493
[11:50:46] [0;32mOK[0m      sw/2d / seq-len_256__num-seq_4080__repeat_256  time=35.320857s  gcups=3.8760
[11:51:04] [0;32mOK[0m      sw/2d / seq-len_32__num-seq_16368__repeat_1000  time=16.453497s  gcups=2.0374
[11:51:42] [0;32mOK[0m      sw/2d / seq-len_512__num-seq_2032__repeat_128  time=34.952587s  gcups=3.9014
[11:52:02] [0;32mOK[0m      sw/2d / seq-len_64__num-seq_16368__repeat_400  time=17.925568s  gcups=2.9921


[11:52:02] [0;36m=== Run complete ===[0m
[11:52:02] Total tests    : 6
[11:52:02] Results CSV    : /home/zephans/bsg_bladerunner/bsg_replicant/examples/hb_hammerbench/apps/programs/results/results_20260428_114843.csv
[11:52:02] Full log       : /home/zephans/bsg_bladerunner/bsg_replicant/examples/hb_hammerbench/apps/programs/results/run_20260428_114843.log
[11:52:02] Passed         : 6
[11:52:02] Failed/Timeout : 0

[11:52:02] Mark this run as successful and archive to /home/zephans/bsg_bladerunner/bsg_replicant/examples/hb_hammerbench/apps/programs/results/success? [y/N] [11:53:22] [0;32mOK[0m  Archived results_20260428_114843.csv and run_20260428_114843.log to /home/zephans/bsg_bladerunner/bsg_replicant/examples/hb_hammerbench/apps/programs/results/success
