nohup: ignoring input
[2026-04-23 23:35:26] === Overnight sweep starting ===
[2026-04-23 23:35:26] Repo root : /home/zephans/bsg_bladerunner/bsg_replicant/examples/hb_hammerbench/apps/programs
[2026-04-23 23:35:26] Apps      : sw/1d sw/2d dummy/roofline
[2026-04-23 23:35:26] Log file  : /home/zephans/bsg_bladerunner/bsg_replicant/examples/hb_hammerbench/apps/programs/results/overnight_20260423_233526.log

[2026-04-23 23:35:26] --- Phase 1/3: fast-clock sweep ---
[23:35:26] Starting experiment run at Thu Apr 23 23:35:26 PDT 2026
[23:35:26] CSV output  : /home/zephans/bsg_bladerunner/bsg_replicant/examples/hb_hammerbench/apps/programs/results/results_20260423_233526.csv
[23:35:26] Log output  : /home/zephans/bsg_bladerunner/bsg_replicant/examples/hb_hammerbench/apps/programs/results/run_20260423_233526.log
[23:35:26] Apps to run : sw/1d sw/2d dummy/roofline
[23:35:26] UNIT_ID     : 2
[23:35:26] Speed label : fast
[23:35:26] Timeout     : 600s per test


[23:35:26] [0;36m=== sw/1d ===[0m
[23:35:26]   Regenerating test directories for sw/1d...
[23:35:26]   Found 28 test(s)
[23:35:46] [0;32mOK[0m      sw/1d / seq-len_1024__num-seq_1024__repeat_64  time=17.716151111s  gcups=3.8789
[23:36:09] [0;32mOK[0m      sw/1d / seq-len_1024__num-seq_1024__repeat_64__cpg_128  time=21.015973496s  gcups=3.2699
[23:36:29] [0;32mOK[0m      sw/1d / seq-len_1024__num-seq_1024__repeat_64__cpg_16  time=18.173393470s  gcups=3.7813
[23:36:49] [0;32mOK[0m      sw/1d / seq-len_1024__num-seq_1024__repeat_64__cpg_4  time=17.561359745s  gcups=3.9131
[23:37:12] [0;32mOK[0m      sw/1d / seq-len_128__num-seq_8192__repeat_512  time=19.649686749s  gcups=3.4972
[23:37:32] [0;32mOK[0m      sw/1d / seq-len_128__num-seq_8192__repeat_512__cpg_1  time=17.433782250s  gcups=3.9417
[23:37:52] [0;32mOK[0m      sw/1d / seq-len_2048__num-seq_512__repeat_32  time=17.552711585s  gcups=3.9150
[23:38:14] [0;32mOK[0m      sw/1d / seq-len_2048__num-seq_512__repeat_32__cpg_128  time=19.106667604s  gcups=3.5966
[23:38:34] [0;32mOK[0m      sw/1d / seq-len_2048__num-seq_512__repeat_32__cpg_16  time=17.681461288s  gcups=3.8865
[23:38:55] [0;32mOK[0m      sw/1d / seq-len_2048__num-seq_512__repeat_32__cpg_8  time=17.556419346s  gcups=3.9142
[23:39:15] [0;32mOK[0m      sw/1d / seq-len_256__num-seq_4096__repeat_256  time=18.724920661s  gcups=3.6699
[23:39:35] [0;32mOK[0m      sw/1d / seq-len_256__num-seq_4096__repeat_256__cpg_1  time=17.247638123s  gcups=3.9843
[23:40:11] [0;32mOK[0m      sw/1d / seq-len_256__num-seq_4096__repeat_256__cpg_128  time=33.799021491s  gcups=2.0332
[23:40:31] [0;32mOK[0m      sw/1d / seq-len_256__num-seq_512__repeat_2048  time=18.406995655s  gcups=3.7333
[23:40:51] [0;32mOK[0m      sw/1d / seq-len_256__num-seq_512__repeat_2048__cpg_1  time=17.179794720s  gcups=4.0000
[23:41:22] [0;32mOK[0m      sw/1d / seq-len_256__num-seq_512__repeat_2048__cpg_128  time=29.682431768s  gcups=2.3152
[23:41:54] [0;32mOK[0m      sw/1d / seq-len_256__num-seq_512__repeat_2048__cpg_128__pod-unique-data_1  time=29.687545788s  gcups=2.3148
[23:42:14] [0;32mOK[0m      sw/1d / seq-len_256__num-seq_512__repeat_2048__cpg_16  time=18.869980197s  gcups=3.6417
[23:42:34] [0;32mOK[0m      sw/1d / seq-len_256__num-seq_512__repeat_2048__cpg_1__pod-unique-data_1  time=17.189600252s  gcups=3.9977
[23:42:54] [0;32mOK[0m      sw/1d / seq-len_256__num-seq_512__repeat_2048__pod-unique-data_1  time=18.410974296s  gcups=3.7325
[23:43:37] [0;32mOK[0m      sw/1d / seq-len_32__num-seq_32768__repeat_2048  time=29.706404861s  gcups=2.3133
[23:44:08] [0;32mOK[0m      sw/1d / seq-len_32__num-seq_32768__repeat_2048__cpg_1  time=19.030826292s  gcups=3.6110
[23:44:59] [0;32mOK[0m      sw/1d / seq-len_32__num-seq_32768__repeat_2048__cpg_16  time=38.479237127s  gcups=1.7859
[23:45:27] [0;32mOK[0m      sw/1d / seq-len_512__num-seq_2048__repeat_128__cpg_128  time=26.093643625s  gcups=2.6336
[23:45:48] [0;32mOK[0m      sw/1d / seq-len_512__num-seq_2048__repeat_128__cpg_16  time=18.638694195s  gcups=3.6869
[23:46:14] [0;32mOK[0m      sw/1d / seq-len_64__num-seq_16384__repeat_1024  time=22.013275590s  gcups=3.1217
[23:46:37] [0;32mOK[0m      sw/1d / seq-len_64__num-seq_16384__repeat_1024__cpg_1  time=17.852223489s  gcups=3.8494
[23:47:09] [0;32mOK[0m      sw/1d / seq-len_64__num-seq_16384__repeat_1024__cpg_16  time=27.655431474s  gcups=2.4848

[23:47:09] [0;36m=== sw/2d ===[0m
[23:47:09]   Regenerating test directories for sw/2d...
[23:47:09]   Found 8 test(s)
[23:47:31] [0;32mOK[0m      sw/2d / seq-len_128__num-seq_1024__repeat_4096  time=18.768745229s  gcups=3.6614
[23:47:52] [0;32mOK[0m      sw/2d / seq-len_128__num-seq_1024__repeat_4096__pod-unique-data_1  time=18.776909738s  gcups=3.6598
[23:48:18] [0;32mOK[0m      sw/2d / seq-len_128__num-seq_8192__repeat_512  time=22.214339996s  gcups=3.0935
[23:48:43] [0;32mOK[0m      sw/2d / seq-len_192__num-seq_4096__repeat_512  time=22.136914556s  gcups=3.4923
[23:49:12] [0;32mOK[0m      sw/2d / seq-len_192__num-seq_640__repeat_4096  time=25.362116331s  gcups=3.8103
[23:49:40] [0;32mOK[0m      sw/2d / seq-len_192__num-seq_640__repeat_4096__pod-unique-data_1  time=25.364964406s  gcups=3.8099
[23:50:07] [0;32mOK[0m      sw/2d / seq-len_32__num-seq_32768__repeat_512  time=21.387217531s  gcups=0.8033
[23:50:28] [0;32mOK[0m      sw/2d / seq-len_64__num-seq_16384__repeat_512  time=18.192404281s  gcups=1.8887

[23:50:28] [0;36m=== dummy/roofline ===[0m
[23:50:28]   Regenerating test directories for dummy/roofline...
[23:50:28]   Found 28 test(s)
[23:50:44] [0;32mOK[0m      dummy/roofline / ops_1024__n-elems_4194304__repeat_66  time=13.713975084s  AI=256.0000 ops/B  bw=0.1615 GB/s  gops=41.3400
[23:51:06] [0;32mOK[0m      dummy/roofline / ops_12288__n-elems_4194304__repeat_9  time=20.551368794s  AI=3072.0000 ops/B  bw=0.0147 GB/s  gops=45.1412
[23:51:20] [0;32mOK[0m      dummy/roofline / ops_128__n-elems_4194304__repeat_128  time=11.619915075s  AI=32.0000 ops/B  bw=0.3696 GB/s  gops=11.8279
[23:51:32] [0;32mOK[0m      dummy/roofline / ops_12__n-elems_4194304__repeat_128  time=10.349770222s  AI=3.0000 ops/B  bw=0.4150 GB/s  gops=1.2449
[23:51:49] [0;32mOK[0m      dummy/roofline / ops_1536__n-elems_4194304__repeat_52  time=15.058737909s  AI=384.0000 ops/B  bw=0.1159 GB/s  gops=44.4934
[23:52:12] [0;32mOK[0m      dummy/roofline / ops_16384__n-elems_4194304__repeat_7  time=21.228212653s  AI=4096.0000 ops/B  bw=0.0111 GB/s  gops=45.3205
[23:52:24] [0;32mOK[0m      dummy/roofline / ops_16__n-elems_4194304__repeat_128  time=10.308707944s  AI=4.0000 ops/B  bw=0.4166 GB/s  gops=1.6665
[23:52:38] [0;32mOK[0m      dummy/roofline / ops_192__n-elems_4194304__repeat_120  time=11.940038686s  AI=48.0000 ops/B  bw=0.3372 GB/s  gops=16.1870
[23:52:50] [0;32mOK[0m      dummy/roofline / ops_1__n-elems_4194304__repeat_128  time=10.094281400s  AI=0.2500 ops/B  bw=0.4255 GB/s  gops=0.1064
[23:53:08] [0;32mOK[0m      dummy/roofline / ops_2048__n-elems_4194304__repeat_36  time=16.524301852s  AI=512.0000 ops/B  bw=0.0731 GB/s  gops=37.4282
[23:53:20] [0;32mOK[0m      dummy/roofline / ops_24__n-elems_4194304__repeat_128  time=10.292836463s  AI=6.0000 ops/B  bw=0.4173 GB/s  gops=2.5037
[23:53:34] [0;32mOK[0m      dummy/roofline / ops_256__n-elems_4194304__repeat_112  time=11.933757209s  AI=64.0000 ops/B  bw=0.3149 GB/s  gops=20.1544
[23:53:46] [0;32mOK[0m      dummy/roofline / ops_2__n-elems_4194304__repeat_128  time=10.163909306s  AI=0.5000 ops/B  bw=0.4226 GB/s  gops=0.2113
[23:54:05] [0;32mOK[0m      dummy/roofline / ops_3072__n-elems_4194304__repeat_30  time=17.733572152s  AI=768.0000 ops/B  bw=0.0568 GB/s  gops=43.5949
[23:54:17] [0;32mOK[0m      dummy/roofline / ops_32__n-elems_4194304__repeat_128  time=10.280647004s  AI=8.0000 ops/B  bw=0.4178 GB/s  gops=3.3422
[23:54:32] [0;32mOK[0m      dummy/roofline / ops_384__n-elems_4194304__repeat_104  time=12.777521662s  AI=96.0000 ops/B  bw=0.2731 GB/s  gops=26.2185
[23:54:44] [0;32mOK[0m      dummy/roofline / ops_3__n-elems_4194304__repeat_128  time=10.219958773s  AI=0.7500 ops/B  bw=0.4203 GB/s  gops=0.3152
[23:55:04] [0;32mOK[0m      dummy/roofline / ops_4096__n-elems_4194304__repeat_24  time=18.739377762s  AI=1024.0000 ops/B  bw=0.0430 GB/s  gops=44.0054
[23:55:16] [0;32mOK[0m      dummy/roofline / ops_48__n-elems_4194304__repeat_128  time=10.286892810s  AI=12.0000 ops/B  bw=0.4175 GB/s  gops=5.0102
[23:55:28] [0;32mOK[0m      dummy/roofline / ops_4__n-elems_4194304__repeat_128  time=10.302308364s  AI=1.0000 ops/B  bw=0.4169 GB/s  gops=0.4169
[23:55:43] [0;32mOK[0m      dummy/roofline / ops_512__n-elems_4194304__repeat_92  time=12.500711363s  AI=128.0000 ops/B  bw=0.2469 GB/s  gops=31.6092
[23:56:03] [0;32mOK[0m      dummy/roofline / ops_6144__n-elems_4194304__repeat_16  time=18.477052193s  AI=1536.0000 ops/B  bw=0.0291 GB/s  gops=44.6302
[23:56:15] [0;32mOK[0m      dummy/roofline / ops_64__n-elems_4194304__repeat_128  time=10.306927439s  AI=16.0000 ops/B  bw=0.4167 GB/s  gops=6.6673
[23:56:27] [0;32mOK[0m      dummy/roofline / ops_6__n-elems_4194304__repeat_128  time=10.314487253s  AI=1.5000 ops/B  bw=0.4164 GB/s  gops=0.6246
[23:56:42] [0;32mOK[0m      dummy/roofline / ops_768__n-elems_4194304__repeat_77  time=12.983399919s  AI=192.0000 ops/B  bw=0.1990 GB/s  gops=38.2079
[23:57:02] [0;32mOK[0m      dummy/roofline / ops_8192__n-elems_4194304__repeat_12  time=18.393182310s  AI=2048.0000 ops/B  bw=0.0219 GB/s  gops=44.8337
[23:57:14] [0;32mOK[0m      dummy/roofline / ops_8__n-elems_4194304__repeat_128  time=10.329824096s  AI=2.0000 ops/B  bw=0.4158 GB/s  gops=0.8316
[23:57:28] [0;32mOK[0m      dummy/roofline / ops_96__n-elems_4194304__repeat_128  time=11.387582450s  AI=24.0000 ops/B  bw=0.3772 GB/s  gops=9.0519


[23:57:28] [0;36m=== Run complete ===[0m
[23:57:28] Total tests    : 64
[23:57:28] Results CSV    : /home/zephans/bsg_bladerunner/bsg_replicant/examples/hb_hammerbench/apps/programs/results/results_20260423_233526.csv
[23:57:28] Full log       : /home/zephans/bsg_bladerunner/bsg_replicant/examples/hb_hammerbench/apps/programs/results/run_20260423_233526.log
[23:57:28] Passed         : 64
[23:57:28] Failed/Timeout : 0
[2026-04-23 23:57:28] Fast-clock sweep finished (exit=0).

[2026-04-23 23:57:28] --- Phase 2/3: make cool-down (enter slow-clock mode) ---
cd /cluster_src/reset_half && make cool_down UNIT_ID=2
sudo /cluster_src/reset_half/cool_down.py ttyBSG2
sudo: no tty present and no askpass program specified
make[1]: *** [cool_down] Error 1
make: *** [cool-down] Error 2
[2026-04-23 23:57:30] cool-down complete (exit=0).

[2026-04-23 23:57:30] --- Phase 3/3: slow-clock sweep (SLOW_MODE=1) ---
[23:57:30] Starting experiment run at Thu Apr 23 23:57:30 PDT 2026
[23:57:30] CSV output  : /home/zephans/bsg_bladerunner/bsg_replicant/examples/hb_hammerbench/apps/programs/results/results_20260423_235730.csv
[23:57:30] Log output  : /home/zephans/bsg_bladerunner/bsg_replicant/examples/hb_hammerbench/apps/programs/results/run_20260423_235730.log
[23:57:30] Apps to run : sw/1d sw/2d dummy/roofline
[23:57:30] UNIT_ID     : 2
[23:57:30] Speed label : slow
[23:57:30] Timeout     : 600s per test
[23:57:30] [1;33mWARN[0m SLOW_MODE=1: labeling results as 'slow' (assumes cool_down was already run)


[23:57:30] [0;36m=== sw/1d ===[0m
[23:57:30]   Regenerating test directories for sw/1d...
[23:57:31]   Found 28 test(s)
[23:57:34] [1;33mSHORT[0m   sw/1d / seq-len_1024__num-seq_1024__repeat_64  time=0.898528155s  gcups=76.4800  (< 15s)
[23:57:37] [1;33mSHORT[0m   sw/1d / seq-len_1024__num-seq_1024__repeat_64__cpg_128  time=1.051948673s  gcups=65.3259  (< 15s)
[23:57:40] [1;33mSHORT[0m   sw/1d / seq-len_1024__num-seq_1024__repeat_64__cpg_16  time=0.916990542s  gcups=74.9402  (< 15s)
[23:57:43] [1;33mSHORT[0m   sw/1d / seq-len_1024__num-seq_1024__repeat_64__cpg_4  time=0.891821983s  gcups=77.0552  (< 15s)
[23:57:46] [1;33mSHORT[0m   sw/1d / seq-len_128__num-seq_8192__repeat_512  time=1.023896945s  gcups=67.1156  (< 15s)
[23:57:49] [1;33mSHORT[0m   sw/1d / seq-len_128__num-seq_8192__repeat_512__cpg_1  time=0.918498382s  gcups=74.8172  (< 15s)
[23:57:52] [1;33mSHORT[0m   sw/1d / seq-len_2048__num-seq_512__repeat_32  time=0.618666063s  gcups=111.0768  (< 15s)
[23:57:55] [1;33mSHORT[0m   sw/1d / seq-len_2048__num-seq_512__repeat_32__cpg_128  time=0.667005353s  gcups=103.0269  (< 15s)
[23:57:58] [1;33mSHORT[0m   sw/1d / seq-len_2048__num-seq_512__repeat_32__cpg_16  time=0.622504816s  gcups=110.3919  (< 15s)
[23:58:02] [1;33mSHORT[0m   sw/1d / seq-len_2048__num-seq_512__repeat_32__cpg_8  time=0.618152985s  gcups=111.1690  (< 15s)
[23:58:05] [1;33mSHORT[0m   sw/1d / seq-len_256__num-seq_4096__repeat_256  time=0.942791279s  gcups=72.8894  (< 15s)
[23:58:08] [1;33mSHORT[0m   sw/1d / seq-len_256__num-seq_4096__repeat_256__cpg_1  time=0.877346461s  gcups=78.3265  (< 15s)
[23:58:11] [1;33mSHORT[0m   sw/1d / seq-len_256__num-seq_4096__repeat_256__cpg_128  time=1.648697432s  gcups=41.6811  (< 15s)
[23:58:14] [1;33mSHORT[0m   sw/1d / seq-len_256__num-seq_512__repeat_2048  time=0.983942461s  gcups=69.8410  (< 15s)
[23:58:17] [1;33mSHORT[0m   sw/1d / seq-len_256__num-seq_512__repeat_2048__cpg_1  time=0.921881739s  gcups=74.5426  (< 15s)
[23:58:20] [1;33mSHORT[0m   sw/1d / seq-len_256__num-seq_512__repeat_2048__cpg_128  time=1.543583684s  gcups=44.5194  (< 15s)
[23:58:23] [1;33mSHORT[0m   sw/1d / seq-len_256__num-seq_512__repeat_2048__cpg_128__pod-unique-data_1  time=1.543609845s  gcups=44.5187  (< 15s)
[23:58:26] [1;33mSHORT[0m   sw/1d / seq-len_256__num-seq_512__repeat_2048__cpg_16  time=1.005833465s  gcups=68.3209  (< 15s)
[23:58:29] [1;33mSHORT[0m   sw/1d / seq-len_256__num-seq_512__repeat_2048__cpg_1__pod-unique-data_1  time=0.922702420s  gcups=74.4763  (< 15s)
[23:58:32] [1;33mSHORT[0m   sw/1d / seq-len_256__num-seq_512__repeat_2048__pod-unique-data_1  time=0.983419872s  gcups=69.8781  (< 15s)
[23:58:36] [1;33mSHORT[0m   sw/1d / seq-len_32__num-seq_32768__repeat_2048  time=1.521463917s  gcups=45.1667  (< 15s)
[23:58:39] [1;33mSHORT[0m   sw/1d / seq-len_32__num-seq_32768__repeat_2048__cpg_1  time=1.001532895s  gcups=68.6143  (< 15s)
[23:58:43] [1;33mSHORT[0m   sw/1d / seq-len_32__num-seq_32768__repeat_2048__cpg_16  time=1.957892412s  gcups=35.0987  (< 15s)
[23:58:46] [1;33mSHORT[0m   sw/1d / seq-len_512__num-seq_2048__repeat_128__cpg_128  time=1.286231995s  gcups=53.4270  (< 15s)
[23:58:49] [1;33mSHORT[0m   sw/1d / seq-len_512__num-seq_2048__repeat_128__cpg_16  time=0.940274184s  gcups=73.0845  (< 15s)
[23:58:52] [1;33mSHORT[0m   sw/1d / seq-len_64__num-seq_16384__repeat_1024  time=1.155887736s  gcups=59.4517  (< 15s)
[23:58:55] [1;33mSHORT[0m   sw/1d / seq-len_64__num-seq_16384__repeat_1024__cpg_1  time=0.953262755s  gcups=72.0887  (< 15s)
[23:58:58] [1;33mSHORT[0m   sw/1d / seq-len_64__num-seq_16384__repeat_1024__cpg_16  time=1.434527361s  gcups=47.9039  (< 15s)

[23:58:58] [0;36m=== sw/2d ===[0m
[23:58:58]   Regenerating test directories for sw/2d...
[23:58:58]   Found 8 test(s)
[23:59:02] [1;33mSHORT[0m   sw/2d / seq-len_128__num-seq_1024__repeat_4096  time=1.001146749s  gcups=68.6408  (< 15s)
[23:59:05] [1;33mSHORT[0m   sw/2d / seq-len_128__num-seq_1024__repeat_4096__pod-unique-data_1  time=1.001733487s  gcups=68.6006  (< 15s)
[23:59:08] [1;33mSHORT[0m   sw/2d / seq-len_128__num-seq_8192__repeat_512  time=1.148212372s  gcups=59.8491  (< 15s)
[23:59:12] [1;33mSHORT[0m   sw/2d / seq-len_192__num-seq_4096__repeat_512  time=1.145172750s  gcups=67.5090  (< 15s)
[23:59:17] [1;33mSHORT[0m   sw/2d / seq-len_192__num-seq_640__repeat_4096  time=1.330166819s  gcups=72.6501  (< 15s)
[23:59:21] [1;33mSHORT[0m   sw/2d / seq-len_192__num-seq_640__repeat_4096__pod-unique-data_1  time=1.330522543s  gcups=72.6307  (< 15s)
[23:59:24] [1;33mSHORT[0m   sw/2d / seq-len_32__num-seq_32768__repeat_512  time=1.107921262s  gcups=15.5064  (< 15s)
[23:59:27] [1;33mSHORT[0m   sw/2d / seq-len_64__num-seq_16384__repeat_512  time=0.952647987s  gcups=36.0676  (< 15s)

[23:59:27] [0;36m=== dummy/roofline ===[0m
[23:59:27]   Regenerating test directories for dummy/roofline...
[23:59:27]   Found 28 test(s)
[23:59:30] [0;32mOK[0m      dummy/roofline / ops_1024__n-elems_4194304__repeat_66  time=0.688791594s  AI=256.0000 ops/B  bw=0.1461 GB/s  gops=37.4131
[23:59:34] [0;32mOK[0m      dummy/roofline / ops_12288__n-elems_4194304__repeat_9  time=2.346786363s  AI=3072.0000 ops/B  bw=0.0143 GB/s  gops=43.9236
[23:59:36] [0;32mOK[0m      dummy/roofline / ops_128__n-elems_4194304__repeat_128  time=0.578406600s  AI=32.0000 ops/B  bw=0.3481 GB/s  gops=11.1383
[23:59:39] [0;32mOK[0m      dummy/roofline / ops_12__n-elems_4194304__repeat_128  time=0.539211526s  AI=3.0000 ops/B  bw=0.3734 GB/s  gops=1.1201
[23:59:41] [0;32mOK[0m      dummy/roofline / ops_1536__n-elems_4194304__repeat_52  time=0.679620456s  AI=384.0000 ops/B  bw=0.0987 GB/s  gops=37.9179
[23:59:46] [0;32mOK[0m      dummy/roofline / ops_16384__n-elems_4194304__repeat_7  time=3.093341149s  AI=4096.0000 ops/B  bw=0.0108 GB/s  gops=44.4306
[23:59:48] [0;32mOK[0m      dummy/roofline / ops_16__n-elems_4194304__repeat_128  time=0.540122049s  AI=4.0000 ops/B  bw=0.3727 GB/s  gops=1.4910
[23:59:51] [0;32mOK[0m      dummy/roofline / ops_192__n-elems_4194304__repeat_120  time=0.635419993s  AI=48.0000 ops/B  bw=0.3168 GB/s  gops=15.2083
[23:59:53] [0;32mOK[0m      dummy/roofline / ops_1__n-elems_4194304__repeat_128  time=0.528926213s  AI=0.2500 ops/B  bw=0.3806 GB/s  gops=0.0952
[23:59:55] [0;32mOK[0m      dummy/roofline / ops_2048__n-elems_4194304__repeat_36  time=0.558802999s  AI=512.0000 ops/B  bw=0.0600 GB/s  gops=30.7441
[23:59:58] [0;32mOK[0m      dummy/roofline / ops_24__n-elems_4194304__repeat_128  time=0.541960215s  AI=6.0000 ops/B  bw=0.3715 GB/s  gops=2.2289
[00:00:00] [0;32mOK[0m      dummy/roofline / ops_256__n-elems_4194304__repeat_112  time=0.567993475s  AI=64.0000 ops/B  bw=0.2954 GB/s  gops=18.9041
[00:00:11] [1;33mWARN[0m    dummy/roofline / ops_2__n-elems_4194304__repeat_128  no kernel_launch_time_sec in exec.log
[00:00:11] [1;33mWARN[0m     achieved_bw_GB_s not found in /home/zephans/bsg_bladerunner/bsg_replicant/examples/hb_hammerbench/apps/programs/dummy/roofline/ops_2__n-elems_4194304__repeat_128/exec.log
[00:00:11] [1;33mWARN[0m     achieved_gops_s not found in /home/zephans/bsg_bladerunner/bsg_replicant/examples/hb_hammerbench/apps/programs/dummy/roofline/ops_2__n-elems_4194304__repeat_128/exec.log
[00:00:11] [0;32mOK[0m      dummy/roofline / ops_2__n-elems_4194304__repeat_128  time=N/As  AI=N/A ops/B  bw=N/A GB/s  gops=N/A
[00:00:23] [1;33mWARN[0m    dummy/roofline / ops_3072__n-elems_4194304__repeat_30  no kernel_launch_time_sec in exec.log
[00:00:23] [1;33mWARN[0m     achieved_bw_GB_s not found in /home/zephans/bsg_bladerunner/bsg_replicant/examples/hb_hammerbench/apps/programs/dummy/roofline/ops_3072__n-elems_4194304__repeat_30/exec.log
[00:00:23] [1;33mWARN[0m     achieved_gops_s not found in /home/zephans/bsg_bladerunner/bsg_replicant/examples/hb_hammerbench/apps/programs/dummy/roofline/ops_3072__n-elems_4194304__repeat_30/exec.log
[00:00:23] [0;32mOK[0m      dummy/roofline / ops_3072__n-elems_4194304__repeat_30  time=N/As  AI=N/A ops/B  bw=N/A GB/s  gops=N/A
[00:00:34] [1;33mWARN[0m    dummy/roofline / ops_32__n-elems_4194304__repeat_128  no kernel_launch_time_sec in exec.log
[00:00:34] [1;33mWARN[0m     achieved_bw_GB_s not found in /home/zephans/bsg_bladerunner/bsg_replicant/examples/hb_hammerbench/apps/programs/dummy/roofline/ops_32__n-elems_4194304__repeat_128/exec.log
[00:00:34] [1;33mWARN[0m     achieved_gops_s not found in /home/zephans/bsg_bladerunner/bsg_replicant/examples/hb_hammerbench/apps/programs/dummy/roofline/ops_32__n-elems_4194304__repeat_128/exec.log
[00:00:34] [0;32mOK[0m      dummy/roofline / ops_32__n-elems_4194304__repeat_128  time=N/As  AI=N/A ops/B  bw=N/A GB/s  gops=N/A
[00:00:45] [1;33mWARN[0m    dummy/roofline / ops_384__n-elems_4194304__repeat_104  no kernel_launch_time_sec in exec.log
[00:00:45] [1;33mWARN[0m     achieved_bw_GB_s not found in /home/zephans/bsg_bladerunner/bsg_replicant/examples/hb_hammerbench/apps/programs/dummy/roofline/ops_384__n-elems_4194304__repeat_104/exec.log
[00:00:45] [1;33mWARN[0m     achieved_gops_s not found in /home/zephans/bsg_bladerunner/bsg_replicant/examples/hb_hammerbench/apps/programs/dummy/roofline/ops_384__n-elems_4194304__repeat_104/exec.log
[00:00:45] [0;32mOK[0m      dummy/roofline / ops_384__n-elems_4194304__repeat_104  time=N/As  AI=N/A ops/B  bw=N/A GB/s  gops=N/A
[00:00:56] [1;33mWARN[0m    dummy/roofline / ops_3__n-elems_4194304__repeat_128  no kernel_launch_time_sec in exec.log
[00:00:56] [1;33mWARN[0m     achieved_bw_GB_s not found in /home/zephans/bsg_bladerunner/bsg_replicant/examples/hb_hammerbench/apps/programs/dummy/roofline/ops_3__n-elems_4194304__repeat_128/exec.log
[00:00:56] [1;33mWARN[0m     achieved_gops_s not found in /home/zephans/bsg_bladerunner/bsg_replicant/examples/hb_hammerbench/apps/programs/dummy/roofline/ops_3__n-elems_4194304__repeat_128/exec.log
[00:00:56] [0;32mOK[0m      dummy/roofline / ops_3__n-elems_4194304__repeat_128  time=N/As  AI=N/A ops/B  bw=N/A GB/s  gops=N/A
[00:01:08] [1;33mWARN[0m    dummy/roofline / ops_4096__n-elems_4194304__repeat_24  no kernel_launch_time_sec in exec.log
[00:01:08] [1;33mWARN[0m     achieved_bw_GB_s not found in /home/zephans/bsg_bladerunner/bsg_replicant/examples/hb_hammerbench/apps/programs/dummy/roofline/ops_4096__n-elems_4194304__repeat_24/exec.log
[00:01:08] [1;33mWARN[0m     achieved_gops_s not found in /home/zephans/bsg_bladerunner/bsg_replicant/examples/hb_hammerbench/apps/programs/dummy/roofline/ops_4096__n-elems_4194304__repeat_24/exec.log
[00:01:08] [0;32mOK[0m      dummy/roofline / ops_4096__n-elems_4194304__repeat_24  time=N/As  AI=N/A ops/B  bw=N/A GB/s  gops=N/A
[00:01:19] [1;33mWARN[0m    dummy/roofline / ops_48__n-elems_4194304__repeat_128  no kernel_launch_time_sec in exec.log
[00:01:19] [1;33mWARN[0m     achieved_bw_GB_s not found in /home/zephans/bsg_bladerunner/bsg_replicant/examples/hb_hammerbench/apps/programs/dummy/roofline/ops_48__n-elems_4194304__repeat_128/exec.log
[00:01:19] [1;33mWARN[0m     achieved_gops_s not found in /home/zephans/bsg_bladerunner/bsg_replicant/examples/hb_hammerbench/apps/programs/dummy/roofline/ops_48__n-elems_4194304__repeat_128/exec.log
[00:01:19] [0;32mOK[0m      dummy/roofline / ops_48__n-elems_4194304__repeat_128  time=N/As  AI=N/A ops/B  bw=N/A GB/s  gops=N/A
[00:01:30] [1;33mWARN[0m    dummy/roofline / ops_4__n-elems_4194304__repeat_128  no kernel_launch_time_sec in exec.log
[00:01:30] [1;33mWARN[0m     achieved_bw_GB_s not found in /home/zephans/bsg_bladerunner/bsg_replicant/examples/hb_hammerbench/apps/programs/dummy/roofline/ops_4__n-elems_4194304__repeat_128/exec.log
[00:01:30] [1;33mWARN[0m     achieved_gops_s not found in /home/zephans/bsg_bladerunner/bsg_replicant/examples/hb_hammerbench/apps/programs/dummy/roofline/ops_4__n-elems_4194304__repeat_128/exec.log
[00:01:30] [0;32mOK[0m      dummy/roofline / ops_4__n-elems_4194304__repeat_128  time=N/As  AI=N/A ops/B  bw=N/A GB/s  gops=N/A
[00:01:41] [1;33mWARN[0m    dummy/roofline / ops_512__n-elems_4194304__repeat_92  no kernel_launch_time_sec in exec.log
[00:01:41] [1;33mWARN[0m     achieved_bw_GB_s not found in /home/zephans/bsg_bladerunner/bsg_replicant/examples/hb_hammerbench/apps/programs/dummy/roofline/ops_512__n-elems_4194304__repeat_92/exec.log
[00:01:41] [1;33mWARN[0m     achieved_gops_s not found in /home/zephans/bsg_bladerunner/bsg_replicant/examples/hb_hammerbench/apps/programs/dummy/roofline/ops_512__n-elems_4194304__repeat_92/exec.log
[00:01:41] [0;32mOK[0m      dummy/roofline / ops_512__n-elems_4194304__repeat_92  time=N/As  AI=N/A ops/B  bw=N/A GB/s  gops=N/A
[00:01:53] [1;33mWARN[0m    dummy/roofline / ops_6144__n-elems_4194304__repeat_16  no kernel_launch_time_sec in exec.log
[00:01:53] [1;33mWARN[0m     achieved_bw_GB_s not found in /home/zephans/bsg_bladerunner/bsg_replicant/examples/hb_hammerbench/apps/programs/dummy/roofline/ops_6144__n-elems_4194304__repeat_16/exec.log
[00:01:53] [1;33mWARN[0m     achieved_gops_s not found in /home/zephans/bsg_bladerunner/bsg_replicant/examples/hb_hammerbench/apps/programs/dummy/roofline/ops_6144__n-elems_4194304__repeat_16/exec.log
[00:01:53] [0;32mOK[0m      dummy/roofline / ops_6144__n-elems_4194304__repeat_16  time=N/As  AI=N/A ops/B  bw=N/A GB/s  gops=N/A
[00:02:04] [1;33mWARN[0m    dummy/roofline / ops_64__n-elems_4194304__repeat_128  no kernel_launch_time_sec in exec.log
[00:02:04] [1;33mWARN[0m     achieved_bw_GB_s not found in /home/zephans/bsg_bladerunner/bsg_replicant/examples/hb_hammerbench/apps/programs/dummy/roofline/ops_64__n-elems_4194304__repeat_128/exec.log
[00:02:04] [1;33mWARN[0m     achieved_gops_s not found in /home/zephans/bsg_bladerunner/bsg_replicant/examples/hb_hammerbench/apps/programs/dummy/roofline/ops_64__n-elems_4194304__repeat_128/exec.log
[00:02:04] [0;32mOK[0m      dummy/roofline / ops_64__n-elems_4194304__repeat_128  time=N/As  AI=N/A ops/B  bw=N/A GB/s  gops=N/A
[00:02:15] [1;33mWARN[0m    dummy/roofline / ops_6__n-elems_4194304__repeat_128  no kernel_launch_time_sec in exec.log
[00:02:15] [1;33mWARN[0m     achieved_bw_GB_s not found in /home/zephans/bsg_bladerunner/bsg_replicant/examples/hb_hammerbench/apps/programs/dummy/roofline/ops_6__n-elems_4194304__repeat_128/exec.log
[00:02:15] [1;33mWARN[0m     achieved_gops_s not found in /home/zephans/bsg_bladerunner/bsg_replicant/examples/hb_hammerbench/apps/programs/dummy/roofline/ops_6__n-elems_4194304__repeat_128/exec.log
[00:02:15] [0;32mOK[0m      dummy/roofline / ops_6__n-elems_4194304__repeat_128  time=N/As  AI=N/A ops/B  bw=N/A GB/s  gops=N/A
[00:02:27] [1;33mWARN[0m    dummy/roofline / ops_768__n-elems_4194304__repeat_77  no kernel_launch_time_sec in exec.log
[00:02:27] [1;33mWARN[0m     achieved_bw_GB_s not found in /home/zephans/bsg_bladerunner/bsg_replicant/examples/hb_hammerbench/apps/programs/dummy/roofline/ops_768__n-elems_4194304__repeat_77/exec.log
[00:02:27] [1;33mWARN[0m     achieved_gops_s not found in /home/zephans/bsg_bladerunner/bsg_replicant/examples/hb_hammerbench/apps/programs/dummy/roofline/ops_768__n-elems_4194304__repeat_77/exec.log
[00:02:27] [0;32mOK[0m      dummy/roofline / ops_768__n-elems_4194304__repeat_77  time=N/As  AI=N/A ops/B  bw=N/A GB/s  gops=N/A
[00:02:38] [1;33mWARN[0m    dummy/roofline / ops_8192__n-elems_4194304__repeat_12  no kernel_launch_time_sec in exec.log
[00:02:38] [1;33mWARN[0m     achieved_bw_GB_s not found in /home/zephans/bsg_bladerunner/bsg_replicant/examples/hb_hammerbench/apps/programs/dummy/roofline/ops_8192__n-elems_4194304__repeat_12/exec.log
[00:02:38] [1;33mWARN[0m     achieved_gops_s not found in /home/zephans/bsg_bladerunner/bsg_replicant/examples/hb_hammerbench/apps/programs/dummy/roofline/ops_8192__n-elems_4194304__repeat_12/exec.log
[00:02:38] [0;32mOK[0m      dummy/roofline / ops_8192__n-elems_4194304__repeat_12  time=N/As  AI=N/A ops/B  bw=N/A GB/s  gops=N/A
[00:02:49] [1;33mWARN[0m    dummy/roofline / ops_8__n-elems_4194304__repeat_128  no kernel_launch_time_sec in exec.log
[00:02:49] [1;33mWARN[0m     achieved_bw_GB_s not found in /home/zephans/bsg_bladerunner/bsg_replicant/examples/hb_hammerbench/apps/programs/dummy/roofline/ops_8__n-elems_4194304__repeat_128/exec.log
[00:02:49] [1;33mWARN[0m     achieved_gops_s not found in /home/zephans/bsg_bladerunner/bsg_replicant/examples/hb_hammerbench/apps/programs/dummy/roofline/ops_8__n-elems_4194304__repeat_128/exec.log
[00:02:49] [0;32mOK[0m      dummy/roofline / ops_8__n-elems_4194304__repeat_128  time=N/As  AI=N/A ops/B  bw=N/A GB/s  gops=N/A
[00:03:00] [1;33mWARN[0m    dummy/roofline / ops_96__n-elems_4194304__repeat_128  no kernel_launch_time_sec in exec.log
[00:03:00] [1;33mWARN[0m     achieved_bw_GB_s not found in /home/zephans/bsg_bladerunner/bsg_replicant/examples/hb_hammerbench/apps/programs/dummy/roofline/ops_96__n-elems_4194304__repeat_128/exec.log
[00:03:00] [1;33mWARN[0m     achieved_gops_s not found in /home/zephans/bsg_bladerunner/bsg_replicant/examples/hb_hammerbench/apps/programs/dummy/roofline/ops_96__n-elems_4194304__repeat_128/exec.log
[00:03:00] [0;32mOK[0m      dummy/roofline / ops_96__n-elems_4194304__repeat_128  time=N/As  AI=N/A ops/B  bw=N/A GB/s  gops=N/A


[00:03:00] [0;36m=== Run complete ===[0m
[00:03:00] Total tests    : 64
[00:03:00] Results CSV    : /home/zephans/bsg_bladerunner/bsg_replicant/examples/hb_hammerbench/apps/programs/results/results_20260423_235730.csv
[00:03:00] Full log       : /home/zephans/bsg_bladerunner/bsg_replicant/examples/hb_hammerbench/apps/programs/results/run_20260423_235730.log
[00:03:00] Passed         : 64
[00:03:00] Failed/Timeout : 0
[2026-04-24 00:03:00] Slow-clock sweep finished (exit=0).

[2026-04-24 00:03:00] --- Final: make cool-down ---
cd /cluster_src/reset_half && make cool_down UNIT_ID=2
sudo /cluster_src/reset_half/cool_down.py ttyBSG2
sudo: no tty present and no askpass program specified
make[1]: *** [cool_down] Error 1
make: *** [cool-down] Error 2
[2026-04-24 00:03:28] Final cool-down complete (exit=0).

[2026-04-24 00:03:28] === Overnight sweep done ===
