[09:01:00] Starting experiment run at Tue Apr 28 09:01:00 PDT 2026
[09:01:00] Experiment  : nw_seqlen_fast
[09:01:00] CSV output  : /home/zephans/bsg_bladerunner/bsg_replicant/examples/hb_hammerbench/apps/programs/results/results_20260428_090100.csv
[09:01:00] Log output  : /home/zephans/bsg_bladerunner/bsg_replicant/examples/hb_hammerbench/apps/programs/results/run_20260428_090100.log
[09:01:00] Apps to run : nw/baseline nw/efficient
[09:01:00] UNIT_ID     : 2
[09:01:00] Speed label : fast
[09:01:00] Timeout     : 30s per test

[09:01:00] Pre-flight reset (may prompt for sudo password)
sudo /cluster_src/reset_half/hb_board_v0.5_init.bin 2
[BSG INFO] checking if init full software directory is valid
[BSG INFO] pressing soft reset button
[BSG INFO] performing reset full
Local  0 temperature is 25.6875 degree C
Remote 1 temperature is 31.3125 degree C
Remote 2 temperature is 32.1875 degree C
[BSG INFO] pressing soft reset button
[BSG INFO] performing reset full
Local  0 temperature is 25.6250 degree C
Remote 1 temperature is 31.0625 degree C
Remote 2 temperature is 31.8125 degree C
[BSG INFO] cleaning init full software
[BSG INFO] starting init full software
[BSG INFO] checking if init full software still running
[BSG INFO] performing refresh sdr full
[BSG INFO] finishing init full software
[BSG INFO] checking if init full software passed
[BSG INFO] performing refresh sdr init full
[BSG INFO] cleaning init full software
[BSG INFO] initialization succeeded
[09:01:46] reset complete


[09:01:46] [0;36m=== nw/baseline ===[0m
[09:01:46]   Regenerating test directories for nw/baseline...
[09:01:46]   Found 3 test(s)
[09:02:04] [0;32mOK[0m      nw/baseline / seq-len_128__num-seq_8176__repeat_512  time=16.675035s  gcups=4.1131
[09:02:31] [0;32mOK[0m      nw/baseline / seq-len_32__num-seq_32752__repeat_2048  time=25.251577s  gcups=2.7201
[09:02:52] [0;32mOK[0m      nw/baseline / seq-len_64__num-seq_16368__repeat_1024  time=18.942017s  gcups=3.6243

[09:02:52] [0;36m=== nw/efficient ===[0m
[09:02:52]   Regenerating test directories for nw/efficient...
[09:02:52]   Found 3 test(s)
[09:03:06] [1;33mSHORT[0m   nw/efficient / seq-len_128__num-seq_8176__repeat_127  time=10.09151s  gcups=1.6858  (< 15s)
[09:03:27] [0;32mOK[0m      nw/efficient / seq-len_32__num-seq_32752__repeat_511  time=18.562406s  gcups=0.9233
[09:03:43] [1;33mSHORT[0m   nw/efficient / seq-len_64__num-seq_16368__repeat_255  time=12.135007s  gcups=1.4088  (< 15s)


[09:03:43] [0;36m=== Run complete ===[0m
[09:03:43] Total tests    : 6
[09:03:43] Results CSV    : /home/zephans/bsg_bladerunner/bsg_replicant/examples/hb_hammerbench/apps/programs/results/results_20260428_090100.csv
[09:03:43] Full log       : /home/zephans/bsg_bladerunner/bsg_replicant/examples/hb_hammerbench/apps/programs/results/run_20260428_090100.log
[09:03:43] Passed         : 6
[09:03:43] Failed/Timeout : 0

[09:03:43] Mark this run as successful and archive to /home/zephans/bsg_bladerunner/bsg_replicant/examples/hb_hammerbench/apps/programs/results/success? [y/N] [09:03:49] [0;32mOK[0m  Archived results_20260428_090100.csv and run_20260428_090100.log to /home/zephans/bsg_bladerunner/bsg_replicant/examples/hb_hammerbench/apps/programs/results/success
