[11:53:30] Starting experiment run at Tue Apr 28 11:53:30 PDT 2026
[11:53:30] Experiment  : roofline_slow
[11:53:30] CSV output  : /home/zephans/bsg_bladerunner/bsg_replicant/examples/hb_hammerbench/apps/programs/results/results_20260428_115330.csv
[11:53:30] Log output  : /home/zephans/bsg_bladerunner/bsg_replicant/examples/hb_hammerbench/apps/programs/results/run_20260428_115330.log
[11:53:30] Apps to run : dummy/roofline
[11:53:30] UNIT_ID     : 2
[11:53:30] Speed label : slow
[11:53:30] Timeout     : 30s per test

[11:53:30] Pre-flight reset (may prompt for sudo password)
sudo /cluster_src/reset_half/hb_board_v0.5_init.bin 2
[BSG INFO] checking if init full software directory is valid
[BSG INFO] pressing soft reset button
[BSG INFO] performing reset full
Local  0 temperature is 24.7500 degree C
Remote 1 temperature is 26.6875 degree C
Remote 2 temperature is 26.9375 degree C
[BSG INFO] pressing soft reset button
[BSG INFO] performing reset full
Local  0 temperature is 24.7500 degree C
Remote 1 temperature is 26.5625 degree C
Remote 2 temperature is 26.9375 degree C
[BSG INFO] cleaning init full software
[BSG INFO] starting init full software
[BSG INFO] checking if init full software still running
[BSG INFO] performing refresh sdr full
[BSG INFO] finishing init full software
[BSG INFO] checking if init full software passed
[BSG INFO] performing refresh sdr init full
[BSG INFO] cleaning init full software
[BSG INFO] initialization succeeded
[11:53:41] reset complete

[11:53:41] Slow experiment — running cool_down (may prompt for sudo password)
sudo /cluster_src/reset_half/cool_down.py ttyBSG2
Local  0 temperature is 24.7500 degree C
Remote 1 temperature is 27.7500 degree C
Remote 2 temperature is 28.4375 degree C
[11:53:41] cool_down complete


[11:53:41] [0;36m=== dummy/roofline ===[0m
[11:53:41]   Regenerating test directories for dummy/roofline...
[11:53:42]   Found 32 test(s)
[11:54:00] [0;32mOK[0m      dummy/roofline / ops_1024__n-elems_4194304__repeat_66  time=15.154687s  AI=256.0000 ops/B  bw=0.2816 GB/s  gops=72.0768
[11:54:30] [1;33mTIMEOUT[0m dummy/roofline / ops_12288__n-elems_4194304__repeat_9 (after 30s) — resetting and continuing

[11:54:30] [0;31mERR[0m  !!!!!!!!!!!!!!!!!!!!!!!!!!!!!!!!!!!!!!!!!!!!!!!!!!!!!!!!!
[11:54:30] [0;31mERR[0m    DEVICE RESET REQUIRED — dummy/roofline / ops_12288__n-elems_4194304__repeat_9 timed out
[11:54:30] [0;31mERR[0m    Running: cd /cluster_src/reset_half && make reset UNIT_ID=2
sudo /cluster_src/reset_half/hb_board_v0.5_init.bin 2
[BSG INFO] checking if init full software directory is valid
[BSG INFO] pressing soft reset button
[BSG INFO] performing reset full
Local  0 temperature is 24.7500 degree C
Remote 1 temperature is 26.7500 degree C
Remote 2 temperature is 27.1250 degree C
[BSG INFO] pressing soft reset button
[BSG INFO] performing reset full
Local  0 temperature is 24.7500 degree C
Remote 1 temperature is 26.7500 degree C
Remote 2 temperature is 27.1875 degree C
[BSG INFO] cleaning init full software
[BSG INFO] starting init full software
[BSG INFO] checking if init full software still running
[BSG INFO] performing refresh sdr full
[BSG INFO] finishing init full software
[BSG INFO] checking if init full software passed
[BSG INFO] performing refresh sdr init full
[BSG INFO] cleaning init full software
[BSG INFO] initialization succeeded
[11:54:42] [1;33mWARN[0m   Reset command completed.
[11:54:42] [1;33mWARN[0m   Slow experiment — re-running cool_down after reset
sudo /cluster_src/reset_half/cool_down.py ttyBSG2
Local  0 temperature is 24.7500 degree C
Remote 1 temperature is 28.0000 degree C
Remote 2 temperature is 28.5625 degree C
[11:54:42] [1;33mWARN[0m   cool_down completed.
[11:54:42] [0;31mERR[0m  !!!!!!!!!!!!!!!!!!!!!!!!!!!!!!!!!!!!!!!!!!!!!!!!!!!!!!!!!

[11:54:49] [0;32mOK[0m      dummy/roofline / ops_128__n-elems_4194304__repeat_128  time=3.835941s  AI=32.0000 ops/B  bw=2.1824 GB/s  gops=69.8144
[11:54:54] [0;32mOK[0m      dummy/roofline / ops_12__n-elems_4194304__repeat_128  time=1.797816s  AI=3.0000 ops/B  bw=4.5248 GB/s  gops=13.5712
[11:55:15] [0;32mOK[0m      dummy/roofline / ops_1536__n-elems_4194304__repeat_52  time=17.038723s  AI=384.0000 ops/B  bw=0.1888 GB/s  gops=72.1696
[11:55:45] [1;33mTIMEOUT[0m dummy/roofline / ops_16384__n-elems_4194304__repeat_7 (after 30s) — resetting and continuing

[11:55:45] [0;31mERR[0m  !!!!!!!!!!!!!!!!!!!!!!!!!!!!!!!!!!!!!!!!!!!!!!!!!!!!!!!!!
[11:55:45] [0;31mERR[0m    DEVICE RESET REQUIRED — dummy/roofline / ops_16384__n-elems_4194304__repeat_7 timed out
[11:55:45] [0;31mERR[0m    Running: cd /cluster_src/reset_half && make reset UNIT_ID=2
sudo /cluster_src/reset_half/hb_board_v0.5_init.bin 2
[BSG INFO] checking if init full software directory is valid
[BSG INFO] pressing soft reset button
[BSG INFO] performing reset full
Local  0 temperature is 24.7500 degree C
Remote 1 temperature is 26.7500 degree C
Remote 2 temperature is 27.0625 degree C
[BSG INFO] pressing soft reset button
[BSG INFO] performing reset full
Local  0 temperature is 24.8125 degree C
Remote 1 temperature is 26.8125 degree C
Remote 2 temperature is 27.1875 degree C
[BSG INFO] cleaning init full software
[BSG INFO] starting init full software
[BSG INFO] checking if init full software still running
[BSG INFO] performing refresh sdr full
[BSG INFO] finishing init full software
[BSG INFO] checking if init full software passed
[BSG INFO] performing refresh sdr init full
[BSG INFO] cleaning init full software
[BSG INFO] initialization succeeded
[11:55:57] [1;33mWARN[0m   Reset command completed.
[11:55:57] [1;33mWARN[0m   Slow experiment — re-running cool_down after reset
sudo /cluster_src/reset_half/cool_down.py ttyBSG2
Local  0 temperature is 24.7500 degree C
Remote 1 temperature is 28.0000 degree C
Remote 2 temperature is 28.5625 degree C
[11:55:57] [1;33mWARN[0m   cool_down completed.
[11:55:57] [0;31mERR[0m  !!!!!!!!!!!!!!!!!!!!!!!!!!!!!!!!!!!!!!!!!!!!!!!!!!!!!!!!!

[11:56:02] [0;32mOK[0m      dummy/roofline / ops_16__n-elems_4194304__repeat_128  time=1.836892s  AI=4.0000 ops/B  bw=4.4320 GB/s  gops=17.7344
[11:56:10] [0;32mOK[0m      dummy/roofline / ops_192__n-elems_4194304__repeat_120  time=5.011122s  AI=48.0000 ops/B  bw=1.4688 GB/s  gops=70.5760
[11:56:15] [0;32mOK[0m      dummy/roofline / ops_1__n-elems_4194304__repeat_128  time=1.716588s  AI=0.2500 ops/B  bw=4.7424 GB/s  gops=1.1872
[11:56:20] [0;32mOK[0m      dummy/roofline / ops_1__n-elems_4194304__repeat_128__unroll_1  time=2.774652s  AI=0.2500 ops/B  bw=2.9984 GB/s  gops=0.7488
[11:56:25] [0;32mOK[0m      dummy/roofline / ops_1__n-elems_4194304__repeat_128__unroll_16  time=1.755139s  AI=0.2500 ops/B  bw=4.6304 GB/s  gops=1.1584
[11:56:30] [0;32mOK[0m      dummy/roofline / ops_1__n-elems_4194304__repeat_128__unroll_4  time=1.695412s  AI=0.2500 ops/B  bw=4.7840 GB/s  gops=1.1968
[11:56:35] [0;32mOK[0m      dummy/roofline / ops_1__n-elems_4194304__repeat_128__unroll_8  time=1.712268s  AI=0.2500 ops/B  bw=4.7456 GB/s  gops=1.1872
[11:56:54] [0;32mOK[0m      dummy/roofline / ops_2048__n-elems_4194304__repeat_36  time=15.723551s  AI=512.0000 ops/B  bw=0.1344 GB/s  gops=69.4848
[11:56:59] [0;32mOK[0m      dummy/roofline / ops_24__n-elems_4194304__repeat_128  time=1.921339s  AI=6.0000 ops/B  bw=4.2464 GB/s  gops=25.4848
[11:57:09] [0;32mOK[0m      dummy/roofline / ops_256__n-elems_4194304__repeat_112  time=6.664688s  AI=64.0000 ops/B  bw=1.1104 GB/s  gops=71.0976
[11:57:14] [0;32mOK[0m      dummy/roofline / ops_2__n-elems_4194304__repeat_128  time=1.717361s  AI=0.5000 ops/B  bw=4.7328 GB/s  gops=2.3648
[11:57:28] [0;32mOK[0m      dummy/roofline / ops_3072__n-elems_4194304__repeat_30  time=11.355774s  AI=768.0000 ops/B  bw=0.0928 GB/s  gops=71.9808
[11:57:33] [0;32mOK[0m      dummy/roofline / ops_32__n-elems_4194304__repeat_128  time=1.984396s  AI=8.0000 ops/B  bw=4.1216 GB/s  gops=32.9664
[11:57:45] [0;32mOK[0m      dummy/roofline / ops_384__n-elems_4194304__repeat_104  time=8.549459s  AI=96.0000 ops/B  bw=0.7456 GB/s  gops=71.5040
[11:57:50] [0;32mOK[0m      dummy/roofline / ops_3__n-elems_4194304__repeat_128  time=1.717413s  AI=0.7500 ops/B  bw=4.7264 GB/s  gops=3.5456
[11:58:08] [0;32mOK[0m      dummy/roofline / ops_4096__n-elems_4194304__repeat_24  time=15.134887s  AI=1024.0000 ops/B  bw=0.0704 GB/s  gops=72.1792
[11:58:14] [0;32mOK[0m      dummy/roofline / ops_48__n-elems_4194304__repeat_128  time=2.108981s  AI=12.0000 ops/B  bw=3.8880 GB/s  gops=46.6528
[11:58:18] [0;32mOK[0m      dummy/roofline / ops_4__n-elems_4194304__repeat_128  time=1.730124s  AI=1.0000 ops/B  bw=4.6944 GB/s  gops=4.6944
[11:58:31] [0;32mOK[0m      dummy/roofline / ops_512__n-elems_4194304__repeat_92  time=9.487213s  AI=128.0000 ops/B  bw=0.5600 GB/s  gops=71.6704
[11:58:57] [0;32mOK[0m      dummy/roofline / ops_6144__n-elems_4194304__repeat_16  time=22.69419s  AI=1536.0000 ops/B  bw=0.0480 GB/s  gops=72.3616
[11:59:02] [0;32mOK[0m      dummy/roofline / ops_64__n-elems_4194304__repeat_128  time=2.216085s  AI=16.0000 ops/B  bw=3.7120 GB/s  gops=59.3952
[11:59:07] [0;32mOK[0m      dummy/roofline / ops_6__n-elems_4194304__repeat_128  time=1.753083s  AI=1.5000 ops/B  bw=4.6368 GB/s  gops=6.9536
[11:59:22] [0;32mOK[0m      dummy/roofline / ops_768__n-elems_4194304__repeat_77  time=11.370632s  AI=192.0000 ops/B  bw=0.3744 GB/s  gops=71.8880
[11:59:52] [1;33mTIMEOUT[0m dummy/roofline / ops_8192__n-elems_4194304__repeat_12 (after 30s) — resetting and continuing

[11:59:52] [0;31mERR[0m  !!!!!!!!!!!!!!!!!!!!!!!!!!!!!!!!!!!!!!!!!!!!!!!!!!!!!!!!!
[11:59:52] [0;31mERR[0m    DEVICE RESET REQUIRED — dummy/roofline / ops_8192__n-elems_4194304__repeat_12 timed out
[11:59:52] [0;31mERR[0m    Running: cd /cluster_src/reset_half && make reset UNIT_ID=2
sudo /cluster_src/reset_half/hb_board_v0.5_init.bin 2
[BSG INFO] checking if init full software directory is valid
[BSG INFO] pressing soft reset button
[BSG INFO] performing reset full
Local  0 temperature is 24.7500 degree C
Remote 1 temperature is 26.6250 degree C
Remote 2 temperature is 26.8750 degree C
[BSG INFO] pressing soft reset button
[BSG INFO] performing reset full
Local  0 temperature is 24.7500 degree C
Remote 1 temperature is 26.6875 degree C
Remote 2 temperature is 27.1250 degree C
[BSG INFO] cleaning init full software
[BSG INFO] starting init full software
[BSG INFO] checking if init full software still running
[BSG INFO] performing refresh sdr full
[BSG INFO] finishing init full software
[BSG INFO] checking if init full software passed
[BSG INFO] performing refresh sdr init full
[BSG INFO] cleaning init full software
[BSG INFO] initialization succeeded
[12:00:04] [1;33mWARN[0m   Reset command completed.
[12:00:04] [1;33mWARN[0m   Slow experiment — re-running cool_down after reset
sudo /cluster_src/reset_half/cool_down.py ttyBSG2
Local  0 temperature is 24.7500 degree C
Remote 1 temperature is 27.6875 degree C
Remote 2 temperature is 28.4375 degree C
[12:00:04] [1;33mWARN[0m   cool_down completed.
[12:00:04] [0;31mERR[0m  !!!!!!!!!!!!!!!!!!!!!!!!!!!!!!!!!!!!!!!!!!!!!!!!!!!!!!!!!

[12:00:09] [0;32mOK[0m      dummy/roofline / ops_8__n-elems_4194304__repeat_128  time=1.759498s  AI=2.0000 ops/B  bw=4.6176 GB/s  gops=9.2320
[12:00:15] [0;32mOK[0m      dummy/roofline / ops_96__n-elems_4194304__repeat_128  time=2.890602s  AI=24.0000 ops/B  bw=2.8704 GB/s  gops=68.9216


[12:00:15] [0;36m=== Run complete ===[0m
[12:00:15] Total tests    : 32
[12:00:15] Results CSV    : /home/zephans/bsg_bladerunner/bsg_replicant/examples/hb_hammerbench/apps/programs/results/results_20260428_115330.csv
[12:00:15] Full log       : /home/zephans/bsg_bladerunner/bsg_replicant/examples/hb_hammerbench/apps/programs/results/run_20260428_115330.log
[12:00:15] Passed         : 29
[12:00:15] [0;31mERR[0m  Failed/Timeout : 3


[12:00:15] [0;36m=== Failed/Timeout — re-run candidates ===[0m
[12:00:15] Recorded to: /home/zephans/bsg_bladerunner/bsg_replicant/examples/hb_hammerbench/apps/programs/results/failed_20260428_115330.txt
         dummy/roofline          ops_12288__n-elems_4194304__repeat_9                                    TIMEOUT
         dummy/roofline          ops_16384__n-elems_4194304__repeat_7                                    TIMEOUT
         dummy/roofline          ops_8192__n-elems_4194304__repeat_12                                    TIMEOUT

[12:00:15] Mark this run as successful and archive to /home/zephans/bsg_bladerunner/bsg_replicant/examples/hb_hammerbench/apps/programs/results/success? [y/N] [12:04:26] [0;32mOK[0m  Archived results_20260428_115330.csv and run_20260428_115330.log to /home/zephans/bsg_bladerunner/bsg_replicant/examples/hb_hammerbench/apps/programs/results/success
