[20:32:55] Starting experiment run at Thu Apr 23 20:32:55 PDT 2026
[20:32:55] CSV output  : /home/zephans/bsg_bladerunner/bsg_replicant/examples/hb_hammerbench/apps/programs/results/results_20260423_203255.csv
[20:32:55] Log output  : /home/zephans/bsg_bladerunner/bsg_replicant/examples/hb_hammerbench/apps/programs/results/run_20260423_203255.log
[20:32:55] Apps to run : sw/2d nw/efficient dummy/roofline sw/1d nw/baseline nw/naive
[20:32:55] UNIT_ID     : 2
[20:32:55] Speed label : fast
[20:32:55] Timeout     : 3600s per test


[20:32:55] [0;36m=== sw/2d ===[0m
[20:32:55]   Generating test directories...
[20:32:55]   Found 17 test(s)
[20:32:55]   [fast] sw/2d / seq-len_128__num-seq_1024__repeat_16
[20:32:55]     Cleaning /home/zephans/bsg_bladerunner/bsg_replicant/examples/hb_hammerbench/apps/programs/sw/2d/seq-len_128__num-seq_1024__repeat_16...
[20:32:57] [0;32mOK[0m      kernel_time=0.145127482s  gcups=1.8497  AI=320.0 ops/B
[20:32:57]   [fast] sw/2d / seq-len_128__num-seq_1024__repeat_16__pod-unique-data_1
[20:32:57]     Cleaning /home/zephans/bsg_bladerunner/bsg_replicant/examples/hb_hammerbench/apps/programs/sw/2d/seq-len_128__num-seq_1024__repeat_16__pod-unique-data_1...
[20:32:59] [1;33mWARN[0m     No kernel_launch_time_sec in /home/zephans/bsg_bladerunner/bsg_replicant/examples/hb_hammerbench/apps/programs/sw/2d/seq-len_128__num-seq_1024__repeat_16__pod-unique-data_1/exec.log
[20:32:59] [0;32mOK[0m      kernel_time=N/As  gcups=N/A  AI=N/A ops/B
[20:32:59]   [fast] sw/2d / seq-len_128__num-seq_1024__repeat_4096
[20:32:59]     Cleaning /home/zephans/bsg_bladerunner/bsg_replicant/examples/hb_hammerbench/apps/programs/sw/2d/seq-len_128__num-seq_1024__repeat_4096...
[20:33:21] [0;32mOK[0m      kernel_time=18.740851633s  gcups=3.6668  AI=320.0 ops/B
[20:33:21]   [fast] sw/2d / seq-len_128__num-seq_1024__repeat_4096__pod-unique-data_1
[20:33:21]     Cleaning /home/zephans/bsg_bladerunner/bsg_replicant/examples/hb_hammerbench/apps/programs/sw/2d/seq-len_128__num-seq_1024__repeat_4096__pod-unique-data_1...
[20:33:22] [1;33mWARN[0m     No kernel_launch_time_sec in /home/zephans/bsg_bladerunner/bsg_replicant/examples/hb_hammerbench/apps/programs/sw/2d/seq-len_128__num-seq_1024__repeat_4096__pod-unique-data_1/exec.log
[20:33:22] [0;32mOK[0m      kernel_time=N/As  gcups=N/A  AI=N/A ops/B
[20:33:22]   [fast] sw/2d / seq-len_128__num-seq_8192__repeat_16
[20:33:22]     Cleaning /home/zephans/bsg_bladerunner/bsg_replicant/examples/hb_hammerbench/apps/programs/sw/2d/seq-len_128__num-seq_8192__repeat_16...
[20:33:25] [0;32mOK[0m      kernel_time=0.758980510s  gcups=2.8294  AI=320.0 ops/B
[20:33:25]   [fast] sw/2d / seq-len_128__num-seq_8192__repeat_512
[20:33:25]     Cleaning /home/zephans/bsg_bladerunner/bsg_replicant/examples/hb_hammerbench/apps/programs/sw/2d/seq-len_128__num-seq_8192__repeat_512...
[20:33:50] [0;32mOK[0m      kernel_time=22.206476111s  gcups=3.0946  AI=320.0 ops/B
[20:33:51]   [fast] sw/2d / seq-len_192__num-seq_4096__repeat_8
[20:33:51]     Cleaning /home/zephans/bsg_bladerunner/bsg_replicant/examples/hb_hammerbench/apps/programs/sw/2d/seq-len_192__num-seq_4096__repeat_8...
[20:33:54] [0;32mOK[0m      kernel_time=0.416352175s  gcups=2.9013  AI=480.0 ops/B
[20:33:54]   [fast] sw/2d / seq-len_192__num-seq_5120__repeat_1024
[20:33:54]     Cleaning /home/zephans/bsg_bladerunner/bsg_replicant/examples/hb_hammerbench/apps/programs/sw/2d/seq-len_192__num-seq_5120__repeat_1024...
[20:34:53] [0;32mOK[0m      kernel_time=55.185752239s  gcups=3.5022  AI=480.0 ops/B
[20:34:53]   [fast] sw/2d / seq-len_192__num-seq_640__repeat_4096
[20:34:53]     Cleaning /home/zephans/bsg_bladerunner/bsg_replicant/examples/hb_hammerbench/apps/programs/sw/2d/seq-len_192__num-seq_640__repeat_4096...
[20:35:22] [0;32mOK[0m      kernel_time=25.365136971s  gcups=3.8098  AI=480.0 ops/B
[20:35:22]   [fast] sw/2d / seq-len_192__num-seq_640__repeat_4096__pod-unique-data_1
[20:35:22]     Cleaning /home/zephans/bsg_bladerunner/bsg_replicant/examples/hb_hammerbench/apps/programs/sw/2d/seq-len_192__num-seq_640__repeat_4096__pod-unique-data_1...
[20:35:24] [1;33mWARN[0m     No kernel_launch_time_sec in /home/zephans/bsg_bladerunner/bsg_replicant/examples/hb_hammerbench/apps/programs/sw/2d/seq-len_192__num-seq_640__repeat_4096__pod-unique-data_1/exec.log
[20:35:24] [0;32mOK[0m      kernel_time=N/As  gcups=N/A  AI=N/A ops/B
[20:35:24]   [fast] sw/2d / seq-len_256__num-seq_4096__repeat_8
[20:35:24]     Cleaning /home/zephans/bsg_bladerunner/bsg_replicant/examples/hb_hammerbench/apps/programs/sw/2d/seq-len_256__num-seq_4096__repeat_8...
[20:35:25] [0;31mERR[0m      COMPILE ERROR: sw/2d / seq-len_256__num-seq_4096__repeat_8 (exit 2)
[20:35:25] [0;31mERR[0m      Last 10 lines of /home/zephans/bsg_bladerunner/bsg_replicant/examples/hb_hammerbench/apps/programs/sw/2d/seq-len_256__num-seq_4096__repeat_8/run.log:
[20:35:25] [0;31mERR[0m        riscv_register_priority: TARGET_RVC == 0
[20:35:25] [0;31mERR[0m        riscv_register_priority: TARGET_RVC == 0
[20:35:25] [0;31mERR[0m        riscv_register_priority: TARGET_RVC == 0
[20:35:25] [0;31mERR[0m        riscv_register_priority: TARGET_RVC == 0
[20:35:25] [0;31mERR[0m        /home/zephans/bsg_bladerunner/bsg_manycore/software/riscv-tools//riscv-install/bin/riscv32-unknown-elf-dramfs-gcc -frerun-cse-after-loop -fweb -frename-registers -mtune=bsg_vanilla_2020 -T bsg_link.ld crt.rvo main.rvo kernel.rvo -Wl,--defsym,_bsg_elf_dram_size=1073741824 -Wl,--defsym,_bsg_elf_vcache_size=131072 -Wl,--defsym,_bsg_elf_stack_ptr=0x00000ffc -nostdlib -march=rv32imaf -nostartfiles -ffast-math -lc -lm -lgcc -L. -lbsg_manycore_riscv -Wl,--no-check-sections  -o main.riscv
[20:35:25] [0;31mERR[0m        /home/zephans/bsg_bladerunner/bsg_manycore/software/riscv-tools/riscv-install/lib/gcc/riscv32-unknown-elf-dramfs/9.2.0/../../../../riscv32-unknown-elf-dramfs/bin/ld: main.riscv section `.data.dmem' will not fit in region `DMEM_VMA'
[20:35:25] [0;31mERR[0m        /home/zephans/bsg_bladerunner/bsg_manycore/software/riscv-tools/riscv-install/lib/gcc/riscv32-unknown-elf-dramfs/9.2.0/../../../../riscv32-unknown-elf-dramfs/bin/ld: Error: dmem size limit exceeded
[20:35:25] [0;31mERR[0m        collect2: error: ld returned 1 exit status
[20:35:25] [0;31mERR[0m        make: *** [main.riscv] Error 1
[20:35:25] [0;31mERR[0m        make: Leaving directory `/home/zephans/bsg_bladerunner/bsg_replicant/examples/hb_hammerbench/apps/programs/sw/2d/seq-len_256__num-seq_4096__repeat_8'
[20:35:25] [0;31mERR[0m      This is a code/config error — device does NOT need reset.
[20:35:25] [0;31mERR[0m      Fix the error and re-run.  Stopping now.
