[21:55:24] Starting experiment run at Thu Apr 23 21:55:24 PDT 2026
[21:55:24] CSV output  : /home/zephans/bsg_bladerunner/bsg_replicant/examples/hb_hammerbench/apps/programs/results/results_20260423_215524.csv
[21:55:24] Log output  : /home/zephans/bsg_bladerunner/bsg_replicant/examples/hb_hammerbench/apps/programs/results/run_20260423_215524.log
[21:55:24] Apps to run : sw/2d nw/efficient dummy/roofline sw/1d nw/baseline nw/naive
[21:55:24] UNIT_ID     : 2
[21:55:24] Speed label : fast
[21:55:24] Timeout     : 120s per test


[21:55:24] [0;36m=== sw/2d ===[0m
[21:55:24]   Regenerating test directories for sw/2d...
[21:55:24]   Found 8 test(s)
[21:55:46] [0;32mOK[0m      sw/2d / seq-len_128__num-seq_1024__repeat_4096  time=18.769543403s  gcups=3.6612
[21:56:07] [0;32mOK[0m      sw/2d / seq-len_128__num-seq_1024__repeat_4096__pod-unique-data_1  time=18.775365950s  gcups=3.6601
[21:56:33] [0;32mOK[0m      sw/2d / seq-len_128__num-seq_8192__repeat_512  time=22.214112143s  gcups=3.0935
[21:56:58] [0;32mOK[0m      sw/2d / seq-len_192__num-seq_4096__repeat_512  time=22.134435615s  gcups=3.4927
[21:57:27] [0;32mOK[0m      sw/2d / seq-len_192__num-seq_640__repeat_4096  time=25.364828330s  gcups=3.8099
[21:57:55] [0;32mOK[0m      sw/2d / seq-len_192__num-seq_640__repeat_4096__pod-unique-data_1  time=25.369762495s  gcups=3.8091
[21:58:21] [0;32mOK[0m      sw/2d / seq-len_32__num-seq_32768__repeat_512  time=21.388372138s  gcups=0.8032
[21:58:43] [0;32mOK[0m      sw/2d / seq-len_64__num-seq_16384__repeat_512  time=18.193311269s  gcups=1.8886

[21:58:43] [0;36m=== nw/efficient ===[0m
[21:58:43]   Regenerating test directories for nw/efficient...
[21:58:43]   Found 4 test(s)
[22:00:43] [1;33mTIMEOUT[0m nw/efficient / seq-len_128__num-seq_8192__repeat_512 (after 120s) — resetting and continuing

[22:00:43] [0;31mERR[0m  !!!!!!!!!!!!!!!!!!!!!!!!!!!!!!!!!!!!!!!!!!!!!!!!!!!!!!!!!
[22:00:43] [0;31mERR[0m    DEVICE RESET REQUIRED — nw/efficient / seq-len_128__num-seq_8192__repeat_512 timed out
[22:00:43] [0;31mERR[0m    Running: cd /cluster_src/reset_half && make reset UNIT_ID=2
sudo /cluster_src/reset_half/hb_board_v0.5_init.bin 2
Sorry, try again.
[BSG INFO] checking if init full software directory is valid
[BSG INFO] pressing soft reset button
[BSG INFO] performing reset full
Local  0 temperature is 25.4375 degree C
Remote 1 temperature is 29.2500 degree C
Remote 2 temperature is 29.8750 degree C
[BSG INFO] pressing soft reset button
[BSG INFO] performing reset full
Local  0 temperature is 25.5000 degree C
Remote 1 temperature is 29.1250 degree C
Remote 2 temperature is 29.6875 degree C
[BSG INFO] cleaning init full software
[BSG INFO] starting init full software
[BSG INFO] checking if init full software still running
[BSG INFO] performing refresh sdr full
[BSG INFO] finishing init full software
[BSG INFO] checking if init full software passed
[BSG INFO] performing refresh sdr init full
[BSG INFO] cleaning init full software
[BSG INFO] initialization succeeded
[22:02:00] [1;33mWARN[0m   Reset command completed.
[22:02:00] [0;31mERR[0m  !!!!!!!!!!!!!!!!!!!!!!!!!!!!!!!!!!!!!!!!!!!!!!!!!!!!!!!!!


[22:02:29] Interrupted — stopping all runs.
