[23:15:04] Starting experiment run at Thu Apr 23 23:15:04 PDT 2026
[23:15:04] CSV output  : /home/zephans/bsg_bladerunner/bsg_replicant/examples/hb_hammerbench/apps/programs/results/results_20260423_231504.csv
[23:15:04] Log output  : /home/zephans/bsg_bladerunner/bsg_replicant/examples/hb_hammerbench/apps/programs/results/run_20260423_231504.log
[23:15:04] Apps to run : sw/1d sw/2d nw/naive dummy/roofline
[23:15:04] UNIT_ID     : 2
[23:15:04] Speed label : fast
[23:15:04] Timeout     : 180s per test


[23:15:04] [0;36m=== sw/1d ===[0m
[23:15:04]   Regenerating test directories for sw/1d...
[23:15:04]   Found 28 test(s)
[23:15:24] [0;32mOK[0m      sw/1d / seq-len_1024__num-seq_1024__repeat_64  time=17.721131224s  gcups=3.8778
[23:15:47] [0;32mOK[0m      sw/1d / seq-len_1024__num-seq_1024__repeat_64__cpg_128  time=21.020501927s  gcups=3.2692
[23:16:07] [0;32mOK[0m      sw/1d / seq-len_1024__num-seq_1024__repeat_64__cpg_16  time=18.184593970s  gcups=3.7790
[23:16:28] [0;32mOK[0m      sw/1d / seq-len_1024__num-seq_1024__repeat_64__cpg_4  time=17.564006731s  gcups=3.9125
[23:16:50] [0;32mOK[0m      sw/1d / seq-len_128__num-seq_8192__repeat_512  time=19.653926258s  gcups=3.4965
[23:17:10] [0;32mOK[0m      sw/1d / seq-len_128__num-seq_8192__repeat_512__cpg_1  time=17.437820029s  gcups=3.9408
[23:17:30] [0;32mOK[0m      sw/1d / seq-len_2048__num-seq_512__repeat_32  time=17.557813160s  gcups=3.9139
[23:17:52] [0;32mOK[0m      sw/1d / seq-len_2048__num-seq_512__repeat_32__cpg_128  time=19.110546082s  gcups=3.5959
[23:18:12] [0;32mOK[0m      sw/1d / seq-len_2048__num-seq_512__repeat_32__cpg_16  time=17.685425837s  gcups=3.8857
[23:18:33] [0;32mOK[0m      sw/1d / seq-len_2048__num-seq_512__repeat_32__cpg_8  time=17.561606248s  gcups=3.9131
[23:18:53] [0;32mOK[0m      sw/1d / seq-len_256__num-seq_4096__repeat_256  time=18.733051069s  gcups=3.6684
[23:19:13] [0;32mOK[0m      sw/1d / seq-len_256__num-seq_4096__repeat_256__cpg_1  time=17.253934750s  gcups=3.9828
[23:19:49] [0;32mOK[0m      sw/1d / seq-len_256__num-seq_4096__repeat_256__cpg_128  time=33.800103093s  gcups=2.0331
[23:20:09] [0;32mOK[0m      sw/1d / seq-len_256__num-seq_512__repeat_2048  time=18.410468982s  gcups=3.7326
[23:20:29] [0;32mOK[0m      sw/1d / seq-len_256__num-seq_512__repeat_2048__cpg_1  time=17.183336213s  gcups=3.9992
[23:21:00] [0;32mOK[0m      sw/1d / seq-len_256__num-seq_512__repeat_2048__cpg_128  time=29.688576216s  gcups=2.3147
[23:21:32] [0;32mOK[0m      sw/1d / seq-len_256__num-seq_512__repeat_2048__cpg_128__pod-unique-data_1  time=29.690738136s  gcups=2.3145
[23:21:52] [0;32mOK[0m      sw/1d / seq-len_256__num-seq_512__repeat_2048__cpg_16  time=18.874056815s  gcups=3.6409
[23:22:12] [0;32mOK[0m      sw/1d / seq-len_256__num-seq_512__repeat_2048__cpg_1__pod-unique-data_1  time=17.192537303s  gcups=3.9971
[23:22:32] [0;32mOK[0m      sw/1d / seq-len_256__num-seq_512__repeat_2048__pod-unique-data_1  time=18.412432024s  gcups=3.7322
[23:23:15] [0;32mOK[0m      sw/1d / seq-len_32__num-seq_32768__repeat_2048  time=29.710359813s  gcups=2.3130
[23:23:46] [0;32mOK[0m      sw/1d / seq-len_32__num-seq_32768__repeat_2048__cpg_1  time=19.028390838s  gcups=3.6114
[23:24:37] [0;32mOK[0m      sw/1d / seq-len_32__num-seq_32768__repeat_2048__cpg_16  time=38.492946649s  gcups=1.7852
[23:25:05] [0;32mOK[0m      sw/1d / seq-len_512__num-seq_2048__repeat_128__cpg_128  time=26.098768792s  gcups=2.6331
[23:25:26] [0;32mOK[0m      sw/1d / seq-len_512__num-seq_2048__repeat_128__cpg_16  time=18.641747336s  gcups=3.6863
[23:25:52] [0;32mOK[0m      sw/1d / seq-len_64__num-seq_16384__repeat_1024  time=22.014158998s  gcups=3.1216
[23:26:15] [0;32mOK[0m      sw/1d / seq-len_64__num-seq_16384__repeat_1024__cpg_1  time=17.846567674s  gcups=3.8506
[23:26:47] [0;32mOK[0m      sw/1d / seq-len_64__num-seq_16384__repeat_1024__cpg_16  time=27.658181014s  gcups=2.4846

[23:26:47] [0;36m=== sw/2d ===[0m
[23:26:47]   Regenerating test directories for sw/2d...
[23:26:47]   Found 8 test(s)
[23:27:09] [0;32mOK[0m      sw/2d / seq-len_128__num-seq_1024__repeat_4096  time=18.773383939s  gcups=3.6605
[23:27:30] [0;32mOK[0m      sw/2d / seq-len_128__num-seq_1024__repeat_4096__pod-unique-data_1  time=18.779277260s  gcups=3.6593
[23:27:56] [0;32mOK[0m      sw/2d / seq-len_128__num-seq_8192__repeat_512  time=22.214599439s  gcups=3.0934
[23:28:21] [0;32mOK[0m      sw/2d / seq-len_192__num-seq_4096__repeat_512  time=22.142908821s  gcups=3.4914
[23:28:50] [0;32mOK[0m      sw/2d / seq-len_192__num-seq_640__repeat_4096  time=25.368869792s  gcups=3.8093
[23:29:19] [0;32mOK[0m      sw/2d / seq-len_192__num-seq_640__repeat_4096__pod-unique-data_1  time=25.372469114s  gcups=3.8087
[23:29:45] [0;32mOK[0m      sw/2d / seq-len_32__num-seq_32768__repeat_512  time=21.389433107s  gcups=0.8032
[23:30:06] [0;32mOK[0m      sw/2d / seq-len_64__num-seq_16384__repeat_512  time=18.193090412s  gcups=1.8886

[23:30:06] [0;36m=== nw/naive ===[0m
[23:30:06]   Regenerating test directories for nw/naive...
[23:30:06]   Found 7 test(s)

[23:33:06] Interrupted — stopping all runs.
