[22:55:42] Starting experiment run at Thu Apr 23 22:55:42 PDT 2026
[22:55:42] CSV output  : /home/zephans/bsg_bladerunner/bsg_replicant/examples/hb_hammerbench/apps/programs/results/results_20260423_225542.csv
[22:55:42] Log output  : /home/zephans/bsg_bladerunner/bsg_replicant/examples/hb_hammerbench/apps/programs/results/run_20260423_225542.log
[22:55:42] Apps to run : dummy/roofline
[22:55:42] UNIT_ID     : 2
[22:55:42] Speed label : fast
[22:55:42] Timeout     : 60s per test


[22:55:42] [0;36m=== dummy/roofline ===[0m
[22:55:42]   Regenerating test directories for dummy/roofline...
[22:55:42]   Found 28 test(s)
[22:55:44] [0;32mOK[0m      dummy/roofline / ops_1024__n-elems_4194304__repeat_1  time=0.303789848s  AI=256.0000 ops/B  bw=0.1105 GB/s  gops=28.2759
[22:55:49] [0;32mOK[0m      dummy/roofline / ops_12288__n-elems_4194304__repeat_1  time=2.345424961s  AI=3072.0000 ops/B  bw=0.0143 GB/s  gops=43.9491
[22:55:50] [0;32mOK[0m      dummy/roofline / ops_128__n-elems_4194304__repeat_1  time=0.161416523s  AI=32.0000 ops/B  bw=0.2079 GB/s  gops=6.6520
[22:55:52] [0;32mOK[0m      dummy/roofline / ops_12__n-elems_4194304__repeat_1  time=0.157545179s  AI=3.0000 ops/B  bw=0.2130 GB/s  gops=0.6389
[22:55:55] [0;32mOK[0m      dummy/roofline / ops_1536__n-elems_4194304__repeat_1  time=0.389486147s  AI=384.0000 ops/B  bw=0.0862 GB/s  gops=33.0818
[22:55:59] [0;32mOK[0m      dummy/roofline / ops_16384__n-elems_4194304__repeat_1  time=3.091249623s  AI=4096.0000 ops/B  bw=0.0109 GB/s  gops=44.4606
[22:56:01] [0;32mOK[0m      dummy/roofline / ops_16__n-elems_4194304__repeat_1  time=0.155367554s  AI=4.0000 ops/B  bw=0.2160 GB/s  gops=0.8639
[22:56:03] [0;32mOK[0m      dummy/roofline / ops_192__n-elems_4194304__repeat_1  time=0.167905788s  AI=48.0000 ops/B  bw=0.1998 GB/s  gops=9.5924
[22:56:05] [0;32mOK[0m      dummy/roofline / ops_1__n-elems_4194304__repeat_1  time=0.155663977s  AI=0.2500 ops/B  bw=0.2156 GB/s  gops=0.0539
[22:56:08] [0;32mOK[0m      dummy/roofline / ops_2048__n-elems_4194304__repeat_1  time=0.559125386s  AI=512.0000 ops/B  bw=0.0600 GB/s  gops=30.7263
[22:56:10] [0;32mOK[0m      dummy/roofline / ops_24__n-elems_4194304__repeat_1  time=0.157807862s  AI=6.0000 ops/B  bw=0.2126 GB/s  gops=1.2758
[22:56:12] [0;32mOK[0m      dummy/roofline / ops_256__n-elems_4194304__repeat_1  time=0.178268779s  AI=64.0000 ops/B  bw=0.1882 GB/s  gops=12.0463
[22:56:14] [0;32mOK[0m      dummy/roofline / ops_2__n-elems_4194304__repeat_1  time=0.152925896s  AI=0.5000 ops/B  bw=0.2194 GB/s  gops=0.1097
[22:56:16] [0;32mOK[0m      dummy/roofline / ops_3072__n-elems_4194304__repeat_1  time=0.669812745s  AI=768.0000 ops/B  bw=0.0501 GB/s  gops=38.4731
[22:56:18] [0;32mOK[0m      dummy/roofline / ops_32__n-elems_4194304__repeat_1  time=0.157129526s  AI=8.0000 ops/B  bw=0.2135 GB/s  gops=1.7084
[22:56:20] [0;32mOK[0m      dummy/roofline / ops_384__n-elems_4194304__repeat_1  time=0.192050308s  AI=96.0000 ops/B  bw=0.1747 GB/s  gops=16.7728
[22:56:22] [0;32mOK[0m      dummy/roofline / ops_3__n-elems_4194304__repeat_1  time=0.144518375s  AI=0.7500 ops/B  bw=0.2322 GB/s  gops=0.1741
[22:56:24] [0;32mOK[0m      dummy/roofline / ops_4096__n-elems_4194304__repeat_1  time=0.854367633s  AI=1024.0000 ops/B  bw=0.0393 GB/s  gops=40.2166
[22:56:26] [0;32mOK[0m      dummy/roofline / ops_48__n-elems_4194304__repeat_1  time=0.158411062s  AI=12.0000 ops/B  bw=0.2118 GB/s  gops=2.5418
[22:56:28] [0;32mOK[0m      dummy/roofline / ops_4__n-elems_4194304__repeat_1  time=0.152930966s  AI=1.0000 ops/B  bw=0.2194 GB/s  gops=0.2194
[22:56:30] [0;32mOK[0m      dummy/roofline / ops_512__n-elems_4194304__repeat_1  time=0.216660775s  AI=128.0000 ops/B  bw=0.1549 GB/s  gops=19.8235
[22:56:33] [0;32mOK[0m      dummy/roofline / ops_6144__n-elems_4194304__repeat_1  time=1.226487735s  AI=1536.0000 ops/B  bw=0.0274 GB/s  gops=42.0221
[22:56:35] [0;32mOK[0m      dummy/roofline / ops_64__n-elems_4194304__repeat_1  time=0.156314952s  AI=16.0000 ops/B  bw=0.2147 GB/s  gops=3.4345
[22:56:37] [0;32mOK[0m      dummy/roofline / ops_6__n-elems_4194304__repeat_1  time=0.153821142s  AI=1.5000 ops/B  bw=0.2181 GB/s  gops=0.3272
[22:56:39] [0;32mOK[0m      dummy/roofline / ops_768__n-elems_4194304__repeat_1  time=0.258750218s  AI=192.0000 ops/B  bw=0.1297 GB/s  gops=24.8983
[22:56:43] [0;32mOK[0m      dummy/roofline / ops_8192__n-elems_4194304__repeat_1  time=1.604331270s  AI=2048.0000 ops/B  bw=0.0209 GB/s  gops=42.8337
[22:56:45] [0;32mOK[0m      dummy/roofline / ops_8__n-elems_4194304__repeat_1  time=0.154347109s  AI=2.0000 ops/B  bw=0.2174 GB/s  gops=0.4348
[22:56:47] [0;32mOK[0m      dummy/roofline / ops_96__n-elems_4194304__repeat_1  time=0.161901039s  AI=24.0000 ops/B  bw=0.2073 GB/s  gops=4.9741


[22:56:47] [0;36m=== Run complete ===[0m
[22:56:47] Total tests    : 28
[22:56:47] Results CSV    : /home/zephans/bsg_bladerunner/bsg_replicant/examples/hb_hammerbench/apps/programs/results/results_20260423_225542.csv
[22:56:47] Full log       : /home/zephans/bsg_bladerunner/bsg_replicant/examples/hb_hammerbench/apps/programs/results/run_20260423_225542.log
[22:56:47] Passed         : 28
[22:56:47] Failed/Timeout : 0
