[20:23:37] Starting experiment run at Thu Apr 23 20:23:37 PDT 2026
[20:23:37] CSV output  : /home/zephans/bsg_bladerunner/bsg_replicant/examples/hb_hammerbench/apps/programs/results/results_20260423_202337.csv
[20:23:37] Log output  : /home/zephans/bsg_bladerunner/bsg_replicant/examples/hb_hammerbench/apps/programs/results/run_20260423_202337.log
[20:23:37] Apps to run : sw/2d nw/efficient dummy/roofline sw/1d nw/baseline nw/naive
[20:23:37] UNIT_ID     : 2
[20:23:37] Speed label : fast
[20:23:37] Timeout     : 3600s per test


[20:23:37] [0;36m=== sw/2d ===[0m
[20:23:37]   Generating test directories...
[20:23:37]   Found 9 test(s)
[20:23:37]   [fast] sw/2d / seq-len_128__num-seq_1024__repeat_16
[20:23:37]     Cleaning /home/zephans/bsg_bladerunner/bsg_replicant/examples/hb_hammerbench/apps/programs/sw/2d/seq-len_128__num-seq_1024__repeat_16...
[20:23:39] [0;32mOK[0m      kernel_time=0.145058082s  gcups=1.8505  AI=320.0 ops/B
[20:23:39]   [fast] sw/2d / seq-len_128__num-seq_1024__repeat_16__pod-unique-data_1
[20:23:39]     Cleaning /home/zephans/bsg_bladerunner/bsg_replicant/examples/hb_hammerbench/apps/programs/sw/2d/seq-len_128__num-seq_1024__repeat_16__pod-unique-data_1...
[20:23:41] [1;33mWARN[0m     No kernel_launch_time_sec in /home/zephans/bsg_bladerunner/bsg_replicant/examples/hb_hammerbench/apps/programs/sw/2d/seq-len_128__num-seq_1024__repeat_16__pod-unique-data_1/exec.log
[20:23:41] [0;32mOK[0m      kernel_time=N/As  gcups=N/A  AI=N/A ops/B
[20:23:41]   [fast] sw/2d / seq-len_128__num-seq_8192__repeat_16
[20:23:41]     Cleaning /home/zephans/bsg_bladerunner/bsg_replicant/examples/hb_hammerbench/apps/programs/sw/2d/seq-len_128__num-seq_8192__repeat_16...
[20:23:44] [0;32mOK[0m      kernel_time=0.759279255s  gcups=2.8283  AI=320.0 ops/B
[20:23:44]   [fast] sw/2d / seq-len_192__num-seq_4096__repeat_8
[20:23:44]     Cleaning /home/zephans/bsg_bladerunner/bsg_replicant/examples/hb_hammerbench/apps/programs/sw/2d/seq-len_192__num-seq_4096__repeat_8...
[20:23:48] [0;32mOK[0m      kernel_time=0.416689328s  gcups=2.8989  AI=480.0 ops/B
[20:23:48]   [fast] sw/2d / seq-len_256__num-seq_4096__repeat_8
[20:23:48]     Cleaning /home/zephans/bsg_bladerunner/bsg_replicant/examples/hb_hammerbench/apps/programs/sw/2d/seq-len_256__num-seq_4096__repeat_8...
[20:23:48] [0;31mERR[0m      FAILED (exit 0): sw/2d / seq-len_256__num-seq_4096__repeat_8
[20:23:48] [0;31mERR[0m      Last 10 lines of /home/zephans/bsg_bladerunner/bsg_replicant/examples/hb_hammerbench/apps/programs/sw/2d/seq-len_256__num-seq_4096__repeat_8/run.log:
[20:23:48] [0;31mERR[0m        riscv_register_priority: TARGET_RVC == 0
[20:23:48] [0;31mERR[0m        riscv_register_priority: TARGET_RVC == 0
[20:23:48] [0;31mERR[0m        riscv_register_priority: TARGET_RVC == 0
[20:23:48] [0;31mERR[0m        riscv_register_priority: TARGET_RVC == 0
[20:23:48] [0;31mERR[0m        /home/zephans/bsg_bladerunner/bsg_manycore/software/riscv-tools//riscv-install/bin/riscv32-unknown-elf-dramfs-gcc -frerun-cse-after-loop -fweb -frename-registers -mtune=bsg_vanilla_2020 -T bsg_link.ld crt.rvo main.rvo kernel.rvo -Wl,--defsym,_bsg_elf_dram_size=1073741824 -Wl,--defsym,_bsg_elf_vcache_size=131072 -Wl,--defsym,_bsg_elf_stack_ptr=0x00000ffc -nostdlib -march=rv32imaf -nostartfiles -ffast-math -lc -lm -lgcc -L. -lbsg_manycore_riscv -Wl,--no-check-sections  -o main.riscv
[20:23:48] [0;31mERR[0m        /home/zephans/bsg_bladerunner/bsg_manycore/software/riscv-tools/riscv-install/lib/gcc/riscv32-unknown-elf-dramfs/9.2.0/../../../../riscv32-unknown-elf-dramfs/bin/ld: main.riscv section `.data.dmem' will not fit in region `DMEM_VMA'
[20:23:48] [0;31mERR[0m        /home/zephans/bsg_bladerunner/bsg_manycore/software/riscv-tools/riscv-install/lib/gcc/riscv32-unknown-elf-dramfs/9.2.0/../../../../riscv32-unknown-elf-dramfs/bin/ld: Error: dmem size limit exceeded
[20:23:48] [0;31mERR[0m        collect2: error: ld returned 1 exit status
[20:23:48] [0;31mERR[0m        make: *** [main.riscv] Error 1
[20:23:48] [0;31mERR[0m        make: Leaving directory `/home/zephans/bsg_bladerunner/bsg_replicant/examples/hb_hammerbench/apps/programs/sw/2d/seq-len_256__num-seq_4096__repeat_8'

[20:23:48] [0;31mERR[0m  !!!!!!!!!!!!!!!!!!!!!!!!!!!!!!!!!!!!!!!!!!!!!!!!!!!!!!!!!
[20:23:48] [0;31mERR[0m    DEVICE RESET REQUIRED — sw/2d / seq-len_256__num-seq_4096__repeat_8 failed (exit 0)
[20:23:48] [0;31mERR[0m    Running: cd /cluster_src/reset_half && make reset UNIT_ID=2
sudo /cluster_src/reset_half/hb_board_v0.5_init.bin 2
[BSG INFO] checking if init full software directory is valid
[BSG INFO] pressing soft reset button
[BSG INFO] performing reset full
Local  0 temperature is 24.8125 degree C
Remote 1 temperature is 28.8125 degree C
Remote 2 temperature is 29.6250 degree C
[BSG INFO] pressing soft reset button
[BSG INFO] performing reset full
Local  0 temperature is 24.8125 degree C
Remote 1 temperature is 28.6250 degree C
Remote 2 temperature is 29.4375 degree C
[BSG INFO] cleaning init full software
[BSG INFO] starting init full software
[BSG INFO] checking if init full software still running
[BSG INFO] performing refresh sdr full
[BSG INFO] finishing init full software
[BSG INFO] checking if init full software passed
[BSG INFO] performing refresh sdr init full
[BSG INFO] cleaning init full software
[BSG INFO] initialization succeeded
[20:24:00] [1;33mWARN[0m   Reset command completed.
[20:24:00] [0;31mERR[0m  !!!!!!!!!!!!!!!!!!!!!!!!!!!!!!!!!!!!!!!!!!!!!!!!!!!!!!!!!

[20:24:00]   [fast] sw/2d / seq-len_256__num-seq_512__repeat_8
[20:24:00]     Cleaning /home/zephans/bsg_bladerunner/bsg_replicant/examples/hb_hammerbench/apps/programs/sw/2d/seq-len_256__num-seq_512__repeat_8...
[20:24:01] [0;31mERR[0m      FAILED (exit 0): sw/2d / seq-len_256__num-seq_512__repeat_8
[20:24:01] [0;31mERR[0m      Last 10 lines of /home/zephans/bsg_bladerunner/bsg_replicant/examples/hb_hammerbench/apps/programs/sw/2d/seq-len_256__num-seq_512__repeat_8/run.log:
[20:24:01] [0;31mERR[0m        riscv_register_priority: TARGET_RVC == 0
[20:24:01] [0;31mERR[0m        riscv_register_priority: TARGET_RVC == 0
[20:24:01] [0;31mERR[0m        riscv_register_priority: TARGET_RVC == 0
[20:24:01] [0;31mERR[0m        riscv_register_priority: TARGET_RVC == 0
[20:24:01] [0;31mERR[0m        /home/zephans/bsg_bladerunner/bsg_manycore/software/riscv-tools//riscv-install/bin/riscv32-unknown-elf-dramfs-gcc -frerun-cse-after-loop -fweb -frename-registers -mtune=bsg_vanilla_2020 -T bsg_link.ld crt.rvo main.rvo kernel.rvo -Wl,--defsym,_bsg_elf_dram_size=1073741824 -Wl,--defsym,_bsg_elf_vcache_size=131072 -Wl,--defsym,_bsg_elf_stack_ptr=0x00000ffc -nostdlib -march=rv32imaf -nostartfiles -ffast-math -lc -lm -lgcc -L. -lbsg_manycore_riscv -Wl,--no-check-sections  -o main.riscv
[20:24:01] [0;31mERR[0m        /home/zephans/bsg_bladerunner/bsg_manycore/software/riscv-tools/riscv-install/lib/gcc/riscv32-unknown-elf-dramfs/9.2.0/../../../../riscv32-unknown-elf-dramfs/bin/ld: main.riscv section `.data.dmem' will not fit in region `DMEM_VMA'
[20:24:01] [0;31mERR[0m        /home/zephans/bsg_bladerunner/bsg_manycore/software/riscv-tools/riscv-install/lib/gcc/riscv32-unknown-elf-dramfs/9.2.0/../../../../riscv32-unknown-elf-dramfs/bin/ld: Error: dmem size limit exceeded
[20:24:01] [0;31mERR[0m        collect2: error: ld returned 1 exit status
[20:24:01] [0;31mERR[0m        make: *** [main.riscv] Error 1
[20:24:01] [0;31mERR[0m        make: Leaving directory `/home/zephans/bsg_bladerunner/bsg_replicant/examples/hb_hammerbench/apps/programs/sw/2d/seq-len_256__num-seq_512__repeat_8'

[20:24:01] [0;31mERR[0m  !!!!!!!!!!!!!!!!!!!!!!!!!!!!!!!!!!!!!!!!!!!!!!!!!!!!!!!!!
[20:24:01] [0;31mERR[0m    DEVICE RESET REQUIRED — sw/2d / seq-len_256__num-seq_512__repeat_8 failed (exit 0)
[20:24:01] [0;31mERR[0m    Running: cd /cluster_src/reset_half && make reset UNIT_ID=2
sudo /cluster_src/reset_half/hb_board_v0.5_init.bin 2
[BSG INFO] checking if init full software directory is valid
[BSG INFO] pressing soft reset button
[BSG INFO] performing reset full
Local  0 temperature is 24.8125 degree C
Remote 1 temperature is 28.8750 degree C
Remote 2 temperature is 29.6875 degree C
[BSG INFO] pressing soft reset button
[BSG INFO] performing reset full
Local  0 temperature is 24.8750 degree C
Remote 1 temperature is 28.8125 degree C
Remote 2 temperature is 29.4375 degree C
[BSG INFO] cleaning init full software
[BSG INFO] starting init full software
[BSG INFO] checking if init full software still running
[BSG INFO] performing refresh sdr full
[BSG INFO] finishing init full software
[BSG INFO] checking if init full software passed
[BSG INFO] performing refresh sdr init full
[BSG INFO] cleaning init full software
[BSG INFO] initialization succeeded
[20:24:13] [1;33mWARN[0m   Reset command completed.
[20:24:13] [0;31mERR[0m  !!!!!!!!!!!!!!!!!!!!!!!!!!!!!!!!!!!!!!!!!!!!!!!!!!!!!!!!!

[20:24:13]   [fast] sw/2d / seq-len_256__num-seq_512__repeat_8__pod-unique-data_1
[20:24:13]     Cleaning /home/zephans/bsg_bladerunner/bsg_replicant/examples/hb_hammerbench/apps/programs/sw/2d/seq-len_256__num-seq_512__repeat_8__pod-unique-data_1...
[20:24:14] [0;31mERR[0m      FAILED (exit 0): sw/2d / seq-len_256__num-seq_512__repeat_8__pod-unique-data_1
[20:24:14] [0;31mERR[0m      Last 10 lines of /home/zephans/bsg_bladerunner/bsg_replicant/examples/hb_hammerbench/apps/programs/sw/2d/seq-len_256__num-seq_512__repeat_8__pod-unique-data_1/run.log:
[20:24:14] [0;31mERR[0m        riscv_register_priority: TARGET_RVC == 0
[20:24:14] [0;31mERR[0m        riscv_register_priority: TARGET_RVC == 0
[20:24:14] [0;31mERR[0m        riscv_register_priority: TARGET_RVC == 0
[20:24:14] [0;31mERR[0m        riscv_register_priority: TARGET_RVC == 0
[20:24:14] [0;31mERR[0m        /home/zephans/bsg_bladerunner/bsg_manycore/software/riscv-tools//riscv-install/bin/riscv32-unknown-elf-dramfs-gcc -frerun-cse-after-loop -fweb -frename-registers -mtune=bsg_vanilla_2020 -T bsg_link.ld crt.rvo main.rvo kernel.rvo -Wl,--defsym,_bsg_elf_dram_size=1073741824 -Wl,--defsym,_bsg_elf_vcache_size=131072 -Wl,--defsym,_bsg_elf_stack_ptr=0x00000ffc -nostdlib -march=rv32imaf -nostartfiles -ffast-math -lc -lm -lgcc -L. -lbsg_manycore_riscv -Wl,--no-check-sections  -o main.riscv
[20:24:14] [0;31mERR[0m        /home/zephans/bsg_bladerunner/bsg_manycore/software/riscv-tools/riscv-install/lib/gcc/riscv32-unknown-elf-dramfs/9.2.0/../../../../riscv32-unknown-elf-dramfs/bin/ld: main.riscv section `.data.dmem' will not fit in region `DMEM_VMA'
[20:24:14] [0;31mERR[0m        /home/zephans/bsg_bladerunner/bsg_manycore/software/riscv-tools/riscv-install/lib/gcc/riscv32-unknown-elf-dramfs/9.2.0/../../../../riscv32-unknown-elf-dramfs/bin/ld: Error: dmem size limit exceeded
[20:24:14] [0;31mERR[0m        collect2: error: ld returned 1 exit status
[20:24:14] [0;31mERR[0m        make: *** [main.riscv] Error 1
[20:24:14] [0;31mERR[0m        make: Leaving directory `/home/zephans/bsg_bladerunner/bsg_replicant/examples/hb_hammerbench/apps/programs/sw/2d/seq-len_256__num-seq_512__repeat_8__pod-unique-data_1'

[20:24:14] [0;31mERR[0m  !!!!!!!!!!!!!!!!!!!!!!!!!!!!!!!!!!!!!!!!!!!!!!!!!!!!!!!!!
[20:24:14] [0;31mERR[0m    DEVICE RESET REQUIRED — sw/2d / seq-len_256__num-seq_512__repeat_8__pod-unique-data_1 failed (exit 0)
[20:24:14] [0;31mERR[0m    Running: cd /cluster_src/reset_half && make reset UNIT_ID=2
sudo /cluster_src/reset_half/hb_board_v0.5_init.bin 2
[BSG INFO] checking if init full software directory is valid
[BSG INFO] pressing soft reset button
[BSG INFO] performing reset full
Local  0 temperature is 24.8750 degree C
Remote 1 temperature is 29.1250 degree C
Remote 2 temperature is 29.8750 degree C
Traceback (most recent call last):
  File "hb_board_v0.5.py", line 247, in <module>
    reset_pod0_pod1_pod2_pod3()
  File "hb_board_v0.5.py", line 219, in reset_pod0_pod1_pod2_pod3
    exec(open("./bsg_tag_boot_pod0_pod1_pod2_pod3.txt").read())
  File "<string>", line 262, in <module>
  File "hb_board_v0.5.py", line 168, in write_bsg_tag_trace
    ser.write(cmd)
  File "/usr/local/lib/python3.6/site-packages/serial/serialposix.py", line 640, in write
    abort, ready, _ = select.select([self.pipe_abort_write_r], [self.fd], [], None)
KeyboardInterrupt
[BSG INFO] pressing soft reset button
[BSG INFO] performing reset full
Local  0 temperature is 24.8750 degree C
Remote 1 temperature is 28.9375 degree C
Remote 2 temperature is 29.7500 degree C
Traceback (most recent call last):
  File "hb_board_v0.5.py", line 247, in <module>
    reset_pod0_pod1_pod2_pod3()
  File "hb_board_v0.5.py", line 219, in reset_pod0_pod1_pod2_pod3
    exec(open("./bsg_tag_boot_pod0_pod1_pod2_pod3.txt").read())
  File "<string>", line 432, in <module>
  File "hb_board_v0.5.py", line 168, in write_bsg_tag_trace
    ser.write(cmd)
  File "/usr/local/lib/python3.6/site-packages/serial/serialposix.py", line 640, in write
    abort, ready, _ = select.select([self.pipe_abort_write_r], [self.fd], [], None)
KeyboardInterrupt
[BSG INFO] cleaning init full software
[BSG INFO] starting init full software
ERROR: Caught SIGINT (Ctrl+C)
ERROR: killing the background PID
kill: usage: kill [-s sigspec | -n signum | -sigspec] pid | jobspec ... or kill -l [sigspec]
ERROR: initialization failed
make: *** [reset] Error 1
