[23:57:30] Starting experiment run at Thu Apr 23 23:57:30 PDT 2026
[23:57:30] CSV output  : /home/zephans/bsg_bladerunner/bsg_replicant/examples/hb_hammerbench/apps/programs/results/results_20260423_235730.csv
[23:57:30] Log output  : /home/zephans/bsg_bladerunner/bsg_replicant/examples/hb_hammerbench/apps/programs/results/run_20260423_235730.log
[23:57:30] Apps to run : sw/1d sw/2d dummy/roofline
[23:57:30] UNIT_ID     : 2
[23:57:30] Speed label : slow
[23:57:30] Timeout     : 600s per test
[23:57:30] [1;33mWARN[0m SLOW_MODE=1: labeling results as 'slow' (assumes cool_down was already run)


[23:57:30] [0;36m=== sw/1d ===[0m
[23:57:30]   Regenerating test directories for sw/1d...
[23:57:31]   Found 28 test(s)
[23:57:34] [1;33mSHORT[0m   sw/1d / seq-len_1024__num-seq_1024__repeat_64  time=0.898528155s  gcups=76.4800  (< 15s)
[23:57:37] [1;33mSHORT[0m   sw/1d / seq-len_1024__num-seq_1024__repeat_64__cpg_128  time=1.051948673s  gcups=65.3259  (< 15s)
[23:57:40] [1;33mSHORT[0m   sw/1d / seq-len_1024__num-seq_1024__repeat_64__cpg_16  time=0.916990542s  gcups=74.9402  (< 15s)
[23:57:43] [1;33mSHORT[0m   sw/1d / seq-len_1024__num-seq_1024__repeat_64__cpg_4  time=0.891821983s  gcups=77.0552  (< 15s)
[23:57:46] [1;33mSHORT[0m   sw/1d / seq-len_128__num-seq_8192__repeat_512  time=1.023896945s  gcups=67.1156  (< 15s)
[23:57:49] [1;33mSHORT[0m   sw/1d / seq-len_128__num-seq_8192__repeat_512__cpg_1  time=0.918498382s  gcups=74.8172  (< 15s)
[23:57:52] [1;33mSHORT[0m   sw/1d / seq-len_2048__num-seq_512__repeat_32  time=0.618666063s  gcups=111.0768  (< 15s)
[23:57:55] [1;33mSHORT[0m   sw/1d / seq-len_2048__num-seq_512__repeat_32__cpg_128  time=0.667005353s  gcups=103.0269  (< 15s)
[23:57:58] [1;33mSHORT[0m   sw/1d / seq-len_2048__num-seq_512__repeat_32__cpg_16  time=0.622504816s  gcups=110.3919  (< 15s)
[23:58:02] [1;33mSHORT[0m   sw/1d / seq-len_2048__num-seq_512__repeat_32__cpg_8  time=0.618152985s  gcups=111.1690  (< 15s)
[23:58:05] [1;33mSHORT[0m   sw/1d / seq-len_256__num-seq_4096__repeat_256  time=0.942791279s  gcups=72.8894  (< 15s)
[23:58:08] [1;33mSHORT[0m   sw/1d / seq-len_256__num-seq_4096__repeat_256__cpg_1  time=0.877346461s  gcups=78.3265  (< 15s)
[23:58:11] [1;33mSHORT[0m   sw/1d / seq-len_256__num-seq_4096__repeat_256__cpg_128  time=1.648697432s  gcups=41.6811  (< 15s)
[23:58:14] [1;33mSHORT[0m   sw/1d / seq-len_256__num-seq_512__repeat_2048  time=0.983942461s  gcups=69.8410  (< 15s)
[23:58:17] [1;33mSHORT[0m   sw/1d / seq-len_256__num-seq_512__repeat_2048__cpg_1  time=0.921881739s  gcups=74.5426  (< 15s)
[23:58:20] [1;33mSHORT[0m   sw/1d / seq-len_256__num-seq_512__repeat_2048__cpg_128  time=1.543583684s  gcups=44.5194  (< 15s)
[23:58:23] [1;33mSHORT[0m   sw/1d / seq-len_256__num-seq_512__repeat_2048__cpg_128__pod-unique-data_1  time=1.543609845s  gcups=44.5187  (< 15s)
[23:58:26] [1;33mSHORT[0m   sw/1d / seq-len_256__num-seq_512__repeat_2048__cpg_16  time=1.005833465s  gcups=68.3209  (< 15s)
[23:58:29] [1;33mSHORT[0m   sw/1d / seq-len_256__num-seq_512__repeat_2048__cpg_1__pod-unique-data_1  time=0.922702420s  gcups=74.4763  (< 15s)
[23:58:32] [1;33mSHORT[0m   sw/1d / seq-len_256__num-seq_512__repeat_2048__pod-unique-data_1  time=0.983419872s  gcups=69.8781  (< 15s)
[23:58:36] [1;33mSHORT[0m   sw/1d / seq-len_32__num-seq_32768__repeat_2048  time=1.521463917s  gcups=45.1667  (< 15s)
[23:58:39] [1;33mSHORT[0m   sw/1d / seq-len_32__num-seq_32768__repeat_2048__cpg_1  time=1.001532895s  gcups=68.6143  (< 15s)
[23:58:43] [1;33mSHORT[0m   sw/1d / seq-len_32__num-seq_32768__repeat_2048__cpg_16  time=1.957892412s  gcups=35.0987  (< 15s)
[23:58:46] [1;33mSHORT[0m   sw/1d / seq-len_512__num-seq_2048__repeat_128__cpg_128  time=1.286231995s  gcups=53.4270  (< 15s)
[23:58:49] [1;33mSHORT[0m   sw/1d / seq-len_512__num-seq_2048__repeat_128__cpg_16  time=0.940274184s  gcups=73.0845  (< 15s)
[23:58:52] [1;33mSHORT[0m   sw/1d / seq-len_64__num-seq_16384__repeat_1024  time=1.155887736s  gcups=59.4517  (< 15s)
[23:58:55] [1;33mSHORT[0m   sw/1d / seq-len_64__num-seq_16384__repeat_1024__cpg_1  time=0.953262755s  gcups=72.0887  (< 15s)
[23:58:58] [1;33mSHORT[0m   sw/1d / seq-len_64__num-seq_16384__repeat_1024__cpg_16  time=1.434527361s  gcups=47.9039  (< 15s)

[23:58:58] [0;36m=== sw/2d ===[0m
[23:58:58]   Regenerating test directories for sw/2d...
[23:58:58]   Found 8 test(s)
[23:59:02] [1;33mSHORT[0m   sw/2d / seq-len_128__num-seq_1024__repeat_4096  time=1.001146749s  gcups=68.6408  (< 15s)
[23:59:05] [1;33mSHORT[0m   sw/2d / seq-len_128__num-seq_1024__repeat_4096__pod-unique-data_1  time=1.001733487s  gcups=68.6006  (< 15s)
[23:59:08] [1;33mSHORT[0m   sw/2d / seq-len_128__num-seq_8192__repeat_512  time=1.148212372s  gcups=59.8491  (< 15s)
[23:59:12] [1;33mSHORT[0m   sw/2d / seq-len_192__num-seq_4096__repeat_512  time=1.145172750s  gcups=67.5090  (< 15s)
[23:59:17] [1;33mSHORT[0m   sw/2d / seq-len_192__num-seq_640__repeat_4096  time=1.330166819s  gcups=72.6501  (< 15s)
[23:59:21] [1;33mSHORT[0m   sw/2d / seq-len_192__num-seq_640__repeat_4096__pod-unique-data_1  time=1.330522543s  gcups=72.6307  (< 15s)
[23:59:24] [1;33mSHORT[0m   sw/2d / seq-len_32__num-seq_32768__repeat_512  time=1.107921262s  gcups=15.5064  (< 15s)
[23:59:27] [1;33mSHORT[0m   sw/2d / seq-len_64__num-seq_16384__repeat_512  time=0.952647987s  gcups=36.0676  (< 15s)

[23:59:27] [0;36m=== dummy/roofline ===[0m
[23:59:27]   Regenerating test directories for dummy/roofline...
[23:59:27]   Found 28 test(s)
[23:59:30] [0;32mOK[0m      dummy/roofline / ops_1024__n-elems_4194304__repeat_66  time=0.688791594s  AI=256.0000 ops/B  bw=0.1461 GB/s  gops=37.4131
[23:59:34] [0;32mOK[0m      dummy/roofline / ops_12288__n-elems_4194304__repeat_9  time=2.346786363s  AI=3072.0000 ops/B  bw=0.0143 GB/s  gops=43.9236
[23:59:36] [0;32mOK[0m      dummy/roofline / ops_128__n-elems_4194304__repeat_128  time=0.578406600s  AI=32.0000 ops/B  bw=0.3481 GB/s  gops=11.1383
[23:59:39] [0;32mOK[0m      dummy/roofline / ops_12__n-elems_4194304__repeat_128  time=0.539211526s  AI=3.0000 ops/B  bw=0.3734 GB/s  gops=1.1201
[23:59:41] [0;32mOK[0m      dummy/roofline / ops_1536__n-elems_4194304__repeat_52  time=0.679620456s  AI=384.0000 ops/B  bw=0.0987 GB/s  gops=37.9179
[23:59:46] [0;32mOK[0m      dummy/roofline / ops_16384__n-elems_4194304__repeat_7  time=3.093341149s  AI=4096.0000 ops/B  bw=0.0108 GB/s  gops=44.4306
[23:59:48] [0;32mOK[0m      dummy/roofline / ops_16__n-elems_4194304__repeat_128  time=0.540122049s  AI=4.0000 ops/B  bw=0.3727 GB/s  gops=1.4910
[23:59:51] [0;32mOK[0m      dummy/roofline / ops_192__n-elems_4194304__repeat_120  time=0.635419993s  AI=48.0000 ops/B  bw=0.3168 GB/s  gops=15.2083
[23:59:53] [0;32mOK[0m      dummy/roofline / ops_1__n-elems_4194304__repeat_128  time=0.528926213s  AI=0.2500 ops/B  bw=0.3806 GB/s  gops=0.0952
[23:59:55] [0;32mOK[0m      dummy/roofline / ops_2048__n-elems_4194304__repeat_36  time=0.558802999s  AI=512.0000 ops/B  bw=0.0600 GB/s  gops=30.7441
[23:59:58] [0;32mOK[0m      dummy/roofline / ops_24__n-elems_4194304__repeat_128  time=0.541960215s  AI=6.0000 ops/B  bw=0.3715 GB/s  gops=2.2289
[00:00:00] [0;32mOK[0m      dummy/roofline / ops_256__n-elems_4194304__repeat_112  time=0.567993475s  AI=64.0000 ops/B  bw=0.2954 GB/s  gops=18.9041
[00:00:11] [1;33mWARN[0m    dummy/roofline / ops_2__n-elems_4194304__repeat_128  no kernel_launch_time_sec in exec.log
[00:00:11] [1;33mWARN[0m     achieved_bw_GB_s not found in /home/zephans/bsg_bladerunner/bsg_replicant/examples/hb_hammerbench/apps/programs/dummy/roofline/ops_2__n-elems_4194304__repeat_128/exec.log
[00:00:11] [1;33mWARN[0m     achieved_gops_s not found in /home/zephans/bsg_bladerunner/bsg_replicant/examples/hb_hammerbench/apps/programs/dummy/roofline/ops_2__n-elems_4194304__repeat_128/exec.log
[00:00:11] [0;32mOK[0m      dummy/roofline / ops_2__n-elems_4194304__repeat_128  time=N/As  AI=N/A ops/B  bw=N/A GB/s  gops=N/A
[00:00:23] [1;33mWARN[0m    dummy/roofline / ops_3072__n-elems_4194304__repeat_30  no kernel_launch_time_sec in exec.log
[00:00:23] [1;33mWARN[0m     achieved_bw_GB_s not found in /home/zephans/bsg_bladerunner/bsg_replicant/examples/hb_hammerbench/apps/programs/dummy/roofline/ops_3072__n-elems_4194304__repeat_30/exec.log
[00:00:23] [1;33mWARN[0m     achieved_gops_s not found in /home/zephans/bsg_bladerunner/bsg_replicant/examples/hb_hammerbench/apps/programs/dummy/roofline/ops_3072__n-elems_4194304__repeat_30/exec.log
[00:00:23] [0;32mOK[0m      dummy/roofline / ops_3072__n-elems_4194304__repeat_30  time=N/As  AI=N/A ops/B  bw=N/A GB/s  gops=N/A
[00:00:34] [1;33mWARN[0m    dummy/roofline / ops_32__n-elems_4194304__repeat_128  no kernel_launch_time_sec in exec.log
[00:00:34] [1;33mWARN[0m     achieved_bw_GB_s not found in /home/zephans/bsg_bladerunner/bsg_replicant/examples/hb_hammerbench/apps/programs/dummy/roofline/ops_32__n-elems_4194304__repeat_128/exec.log
[00:00:34] [1;33mWARN[0m     achieved_gops_s not found in /home/zephans/bsg_bladerunner/bsg_replicant/examples/hb_hammerbench/apps/programs/dummy/roofline/ops_32__n-elems_4194304__repeat_128/exec.log
[00:00:34] [0;32mOK[0m      dummy/roofline / ops_32__n-elems_4194304__repeat_128  time=N/As  AI=N/A ops/B  bw=N/A GB/s  gops=N/A
[00:00:45] [1;33mWARN[0m    dummy/roofline / ops_384__n-elems_4194304__repeat_104  no kernel_launch_time_sec in exec.log
[00:00:45] [1;33mWARN[0m     achieved_bw_GB_s not found in /home/zephans/bsg_bladerunner/bsg_replicant/examples/hb_hammerbench/apps/programs/dummy/roofline/ops_384__n-elems_4194304__repeat_104/exec.log
[00:00:45] [1;33mWARN[0m     achieved_gops_s not found in /home/zephans/bsg_bladerunner/bsg_replicant/examples/hb_hammerbench/apps/programs/dummy/roofline/ops_384__n-elems_4194304__repeat_104/exec.log
[00:00:45] [0;32mOK[0m      dummy/roofline / ops_384__n-elems_4194304__repeat_104  time=N/As  AI=N/A ops/B  bw=N/A GB/s  gops=N/A
[00:00:56] [1;33mWARN[0m    dummy/roofline / ops_3__n-elems_4194304__repeat_128  no kernel_launch_time_sec in exec.log
[00:00:56] [1;33mWARN[0m     achieved_bw_GB_s not found in /home/zephans/bsg_bladerunner/bsg_replicant/examples/hb_hammerbench/apps/programs/dummy/roofline/ops_3__n-elems_4194304__repeat_128/exec.log
[00:00:56] [1;33mWARN[0m     achieved_gops_s not found in /home/zephans/bsg_bladerunner/bsg_replicant/examples/hb_hammerbench/apps/programs/dummy/roofline/ops_3__n-elems_4194304__repeat_128/exec.log
[00:00:56] [0;32mOK[0m      dummy/roofline / ops_3__n-elems_4194304__repeat_128  time=N/As  AI=N/A ops/B  bw=N/A GB/s  gops=N/A
[00:01:08] [1;33mWARN[0m    dummy/roofline / ops_4096__n-elems_4194304__repeat_24  no kernel_launch_time_sec in exec.log
[00:01:08] [1;33mWARN[0m     achieved_bw_GB_s not found in /home/zephans/bsg_bladerunner/bsg_replicant/examples/hb_hammerbench/apps/programs/dummy/roofline/ops_4096__n-elems_4194304__repeat_24/exec.log
[00:01:08] [1;33mWARN[0m     achieved_gops_s not found in /home/zephans/bsg_bladerunner/bsg_replicant/examples/hb_hammerbench/apps/programs/dummy/roofline/ops_4096__n-elems_4194304__repeat_24/exec.log
[00:01:08] [0;32mOK[0m      dummy/roofline / ops_4096__n-elems_4194304__repeat_24  time=N/As  AI=N/A ops/B  bw=N/A GB/s  gops=N/A
[00:01:19] [1;33mWARN[0m    dummy/roofline / ops_48__n-elems_4194304__repeat_128  no kernel_launch_time_sec in exec.log
[00:01:19] [1;33mWARN[0m     achieved_bw_GB_s not found in /home/zephans/bsg_bladerunner/bsg_replicant/examples/hb_hammerbench/apps/programs/dummy/roofline/ops_48__n-elems_4194304__repeat_128/exec.log
[00:01:19] [1;33mWARN[0m     achieved_gops_s not found in /home/zephans/bsg_bladerunner/bsg_replicant/examples/hb_hammerbench/apps/programs/dummy/roofline/ops_48__n-elems_4194304__repeat_128/exec.log
[00:01:19] [0;32mOK[0m      dummy/roofline / ops_48__n-elems_4194304__repeat_128  time=N/As  AI=N/A ops/B  bw=N/A GB/s  gops=N/A
[00:01:30] [1;33mWARN[0m    dummy/roofline / ops_4__n-elems_4194304__repeat_128  no kernel_launch_time_sec in exec.log
[00:01:30] [1;33mWARN[0m     achieved_bw_GB_s not found in /home/zephans/bsg_bladerunner/bsg_replicant/examples/hb_hammerbench/apps/programs/dummy/roofline/ops_4__n-elems_4194304__repeat_128/exec.log
[00:01:30] [1;33mWARN[0m     achieved_gops_s not found in /home/zephans/bsg_bladerunner/bsg_replicant/examples/hb_hammerbench/apps/programs/dummy/roofline/ops_4__n-elems_4194304__repeat_128/exec.log
[00:01:30] [0;32mOK[0m      dummy/roofline / ops_4__n-elems_4194304__repeat_128  time=N/As  AI=N/A ops/B  bw=N/A GB/s  gops=N/A
[00:01:41] [1;33mWARN[0m    dummy/roofline / ops_512__n-elems_4194304__repeat_92  no kernel_launch_time_sec in exec.log
[00:01:41] [1;33mWARN[0m     achieved_bw_GB_s not found in /home/zephans/bsg_bladerunner/bsg_replicant/examples/hb_hammerbench/apps/programs/dummy/roofline/ops_512__n-elems_4194304__repeat_92/exec.log
[00:01:41] [1;33mWARN[0m     achieved_gops_s not found in /home/zephans/bsg_bladerunner/bsg_replicant/examples/hb_hammerbench/apps/programs/dummy/roofline/ops_512__n-elems_4194304__repeat_92/exec.log
[00:01:41] [0;32mOK[0m      dummy/roofline / ops_512__n-elems_4194304__repeat_92  time=N/As  AI=N/A ops/B  bw=N/A GB/s  gops=N/A
[00:01:53] [1;33mWARN[0m    dummy/roofline / ops_6144__n-elems_4194304__repeat_16  no kernel_launch_time_sec in exec.log
[00:01:53] [1;33mWARN[0m     achieved_bw_GB_s not found in /home/zephans/bsg_bladerunner/bsg_replicant/examples/hb_hammerbench/apps/programs/dummy/roofline/ops_6144__n-elems_4194304__repeat_16/exec.log
[00:01:53] [1;33mWARN[0m     achieved_gops_s not found in /home/zephans/bsg_bladerunner/bsg_replicant/examples/hb_hammerbench/apps/programs/dummy/roofline/ops_6144__n-elems_4194304__repeat_16/exec.log
[00:01:53] [0;32mOK[0m      dummy/roofline / ops_6144__n-elems_4194304__repeat_16  time=N/As  AI=N/A ops/B  bw=N/A GB/s  gops=N/A
[00:02:04] [1;33mWARN[0m    dummy/roofline / ops_64__n-elems_4194304__repeat_128  no kernel_launch_time_sec in exec.log
[00:02:04] [1;33mWARN[0m     achieved_bw_GB_s not found in /home/zephans/bsg_bladerunner/bsg_replicant/examples/hb_hammerbench/apps/programs/dummy/roofline/ops_64__n-elems_4194304__repeat_128/exec.log
[00:02:04] [1;33mWARN[0m     achieved_gops_s not found in /home/zephans/bsg_bladerunner/bsg_replicant/examples/hb_hammerbench/apps/programs/dummy/roofline/ops_64__n-elems_4194304__repeat_128/exec.log
[00:02:04] [0;32mOK[0m      dummy/roofline / ops_64__n-elems_4194304__repeat_128  time=N/As  AI=N/A ops/B  bw=N/A GB/s  gops=N/A
[00:02:15] [1;33mWARN[0m    dummy/roofline / ops_6__n-elems_4194304__repeat_128  no kernel_launch_time_sec in exec.log
[00:02:15] [1;33mWARN[0m     achieved_bw_GB_s not found in /home/zephans/bsg_bladerunner/bsg_replicant/examples/hb_hammerbench/apps/programs/dummy/roofline/ops_6__n-elems_4194304__repeat_128/exec.log
[00:02:15] [1;33mWARN[0m     achieved_gops_s not found in /home/zephans/bsg_bladerunner/bsg_replicant/examples/hb_hammerbench/apps/programs/dummy/roofline/ops_6__n-elems_4194304__repeat_128/exec.log
[00:02:15] [0;32mOK[0m      dummy/roofline / ops_6__n-elems_4194304__repeat_128  time=N/As  AI=N/A ops/B  bw=N/A GB/s  gops=N/A
[00:02:27] [1;33mWARN[0m    dummy/roofline / ops_768__n-elems_4194304__repeat_77  no kernel_launch_time_sec in exec.log
[00:02:27] [1;33mWARN[0m     achieved_bw_GB_s not found in /home/zephans/bsg_bladerunner/bsg_replicant/examples/hb_hammerbench/apps/programs/dummy/roofline/ops_768__n-elems_4194304__repeat_77/exec.log
[00:02:27] [1;33mWARN[0m     achieved_gops_s not found in /home/zephans/bsg_bladerunner/bsg_replicant/examples/hb_hammerbench/apps/programs/dummy/roofline/ops_768__n-elems_4194304__repeat_77/exec.log
[00:02:27] [0;32mOK[0m      dummy/roofline / ops_768__n-elems_4194304__repeat_77  time=N/As  AI=N/A ops/B  bw=N/A GB/s  gops=N/A
[00:02:38] [1;33mWARN[0m    dummy/roofline / ops_8192__n-elems_4194304__repeat_12  no kernel_launch_time_sec in exec.log
[00:02:38] [1;33mWARN[0m     achieved_bw_GB_s not found in /home/zephans/bsg_bladerunner/bsg_replicant/examples/hb_hammerbench/apps/programs/dummy/roofline/ops_8192__n-elems_4194304__repeat_12/exec.log
[00:02:38] [1;33mWARN[0m     achieved_gops_s not found in /home/zephans/bsg_bladerunner/bsg_replicant/examples/hb_hammerbench/apps/programs/dummy/roofline/ops_8192__n-elems_4194304__repeat_12/exec.log
[00:02:38] [0;32mOK[0m      dummy/roofline / ops_8192__n-elems_4194304__repeat_12  time=N/As  AI=N/A ops/B  bw=N/A GB/s  gops=N/A
[00:02:49] [1;33mWARN[0m    dummy/roofline / ops_8__n-elems_4194304__repeat_128  no kernel_launch_time_sec in exec.log
[00:02:49] [1;33mWARN[0m     achieved_bw_GB_s not found in /home/zephans/bsg_bladerunner/bsg_replicant/examples/hb_hammerbench/apps/programs/dummy/roofline/ops_8__n-elems_4194304__repeat_128/exec.log
[00:02:49] [1;33mWARN[0m     achieved_gops_s not found in /home/zephans/bsg_bladerunner/bsg_replicant/examples/hb_hammerbench/apps/programs/dummy/roofline/ops_8__n-elems_4194304__repeat_128/exec.log
[00:02:49] [0;32mOK[0m      dummy/roofline / ops_8__n-elems_4194304__repeat_128  time=N/As  AI=N/A ops/B  bw=N/A GB/s  gops=N/A
[00:03:00] [1;33mWARN[0m    dummy/roofline / ops_96__n-elems_4194304__repeat_128  no kernel_launch_time_sec in exec.log
[00:03:00] [1;33mWARN[0m     achieved_bw_GB_s not found in /home/zephans/bsg_bladerunner/bsg_replicant/examples/hb_hammerbench/apps/programs/dummy/roofline/ops_96__n-elems_4194304__repeat_128/exec.log
[00:03:00] [1;33mWARN[0m     achieved_gops_s not found in /home/zephans/bsg_bladerunner/bsg_replicant/examples/hb_hammerbench/apps/programs/dummy/roofline/ops_96__n-elems_4194304__repeat_128/exec.log
[00:03:00] [0;32mOK[0m      dummy/roofline / ops_96__n-elems_4194304__repeat_128  time=N/As  AI=N/A ops/B  bw=N/A GB/s  gops=N/A


[00:03:00] [0;36m=== Run complete ===[0m
[00:03:00] Total tests    : 64
[00:03:00] Results CSV    : /home/zephans/bsg_bladerunner/bsg_replicant/examples/hb_hammerbench/apps/programs/results/results_20260423_235730.csv
[00:03:00] Full log       : /home/zephans/bsg_bladerunner/bsg_replicant/examples/hb_hammerbench/apps/programs/results/run_20260423_235730.log
[00:03:00] Passed         : 64
[00:03:00] Failed/Timeout : 0
