[22:04:09] Starting experiment run at Thu Apr 23 22:04:09 PDT 2026
[22:04:09] CSV output  : /home/zephans/bsg_bladerunner/bsg_replicant/examples/hb_hammerbench/apps/programs/results/results_20260423_220409.csv
[22:04:09] Log output  : /home/zephans/bsg_bladerunner/bsg_replicant/examples/hb_hammerbench/apps/programs/results/run_20260423_220409.log
[22:04:09] Apps to run : sw/2d radix_sort dummy/roofline sw/1d nw/baseline nw/naive
[22:04:09] UNIT_ID     : 2
[22:04:09] Speed label : fast
[22:04:09] Timeout     : 120s per test


[22:04:09] [0;36m=== sw/2d ===[0m
[22:04:09]   Regenerating test directories for sw/2d...
[22:04:09]   Found 8 test(s)
[22:04:31] [0;32mOK[0m      sw/2d / seq-len_128__num-seq_1024__repeat_4096  time=18.759893996s  gcups=3.6631
[22:04:52] [0;32mOK[0m      sw/2d / seq-len_128__num-seq_1024__repeat_4096__pod-unique-data_1  time=18.769106884s  gcups=3.6613
[22:05:18] [0;32mOK[0m      sw/2d / seq-len_128__num-seq_8192__repeat_512  time=22.213053327s  gcups=3.0937
[22:05:43] [0;32mOK[0m      sw/2d / seq-len_192__num-seq_4096__repeat_512  time=22.125171790s  gcups=3.4942
[22:06:12] [0;32mOK[0m      sw/2d / seq-len_192__num-seq_640__repeat_4096  time=25.361347336s  gcups=3.8104
[22:06:40] [0;32mOK[0m      sw/2d / seq-len_192__num-seq_640__repeat_4096__pod-unique-data_1  time=25.365748204s  gcups=3.8097
[22:07:06] [0;32mOK[0m      sw/2d / seq-len_32__num-seq_32768__repeat_512  time=21.387282946s  gcups=0.8033
[22:07:28] [0;32mOK[0m      sw/2d / seq-len_64__num-seq_16384__repeat_512  time=18.193362403s  gcups=1.8886
[22:07:28] [0;31mERR[0m  Directory not found for app 'radix_sort': /home/zephans/bsg_bladerunner/bsg_replicant/examples/hb_hammerbench/apps/programs/radix_sort — skipping

[22:07:28] [0;36m=== dummy/roofline ===[0m
[22:07:28]   Regenerating test directories for dummy/roofline...
[22:07:28]   Found 8 test(s)
[22:07:33] [0;32mOK[0m      dummy/roofline / ops_1024__n-elems_4194304__repeat_16  time=3.246632873s  AI=256.0000 ops/B  bw=0.1654 GB/s  gops=42.3328
[22:07:38] [0;32mOK[0m      dummy/roofline / ops_16384__n-elems_4194304__repeat_1  time=3.095628126s  AI=4096.0000 ops/B  bw=0.0108 GB/s  gops=44.3978
[22:07:45] [0;32mOK[0m      dummy/roofline / ops_16__n-elems_4194304__repeat_64  time=5.179804218s  AI=4.0000 ops/B  bw=0.4146 GB/s  gops=1.6584
[22:07:52] [0;32mOK[0m      dummy/roofline / ops_1__n-elems_4194304__repeat_64  time=5.085460337s  AI=0.2500 ops/B  bw=0.4223 GB/s  gops=0.1056
[22:08:00] [0;32mOK[0m      dummy/roofline / ops_256__n-elems_4194304__repeat_64  time=6.824736086s  AI=64.0000 ops/B  bw=0.3147 GB/s  gops=20.1384
[22:08:05] [0;32mOK[0m      dummy/roofline / ops_4096__n-elems_4194304__repeat_4  time=3.187270010s  AI=1024.0000 ops/B  bw=0.0421 GB/s  gops=43.1212
[22:08:12] [0;32mOK[0m      dummy/roofline / ops_4__n-elems_4194304__repeat_64  time=5.186706823s  AI=1.0000 ops/B  bw=0.4140 GB/s  gops=0.4140
[22:08:19] [0;32mOK[0m      dummy/roofline / ops_64__n-elems_4194304__repeat_64  time=5.177045996s  AI=16.0000 ops/B  bw=0.4148 GB/s  gops=6.6369

[22:08:19] [0;36m=== sw/1d ===[0m
[22:08:19]   Regenerating test directories for sw/1d...
[22:08:20]   Found 33 test(s)
[22:08:40] [0;32mOK[0m      sw/1d / seq-len_1024__num-seq_1024__repeat_64  time=17.722028113s  gcups=3.8776
[22:09:03] [0;32mOK[0m      sw/1d / seq-len_1024__num-seq_1024__repeat_64__cpg_128  time=21.020328923s  gcups=3.2692
[22:09:23] [0;32mOK[0m      sw/1d / seq-len_1024__num-seq_1024__repeat_64__cpg_16  time=18.180423992s  gcups=3.7799
[22:09:43] [0;32mOK[0m      sw/1d / seq-len_1024__num-seq_1024__repeat_64__cpg_4  time=17.564250380s  gcups=3.9125
[22:10:05] [0;32mOK[0m      sw/1d / seq-len_128__num-seq_8192__repeat_512  time=19.653961286s  gcups=3.4965
[22:10:25] [0;32mOK[0m      sw/1d / seq-len_128__num-seq_8192__repeat_512__cpg_1  time=17.438168088s  gcups=3.9408
