[22:46:04] Starting experiment run at Thu Apr 23 22:46:04 PDT 2026
[22:46:04] CSV output  : /home/zephans/bsg_bladerunner/bsg_replicant/examples/hb_hammerbench/apps/programs/results/results_20260423_224604.csv
[22:46:04] Log output  : /home/zephans/bsg_bladerunner/bsg_replicant/examples/hb_hammerbench/apps/programs/results/run_20260423_224604.log
[22:46:04] Apps to run : nw/naive
[22:46:04] UNIT_ID     : 2
[22:46:04] Speed label : fast
[22:46:04] Timeout     : 60s per test


[22:46:04] [0;36m=== nw/naive ===[0m
[22:46:04]   Regenerating test directories for nw/naive...
[22:46:04]   Found 7 test(s)
[22:46:26] [1;33mSHORT[0m   nw/naive / seq-len_1024__num-seq_64__repeat_1  time=0.524210828s  gcups=0.1280  (< 15s)
[22:46:30] [1;33mSHORT[0m   nw/naive / seq-len_128__num-seq_512__repeat_1  time=0.128276568s  gcups=0.0654  (< 15s)
[22:47:11] [1;33mSHORT[0m   nw/naive / seq-len_2048__num-seq_32__repeat_1  time=0.978362765s  gcups=0.1372  (< 15s)
[22:47:18] [1;33mSHORT[0m   nw/naive / seq-len_256__num-seq_256__repeat_1  time=0.183585533s  gcups=0.0914  (< 15s)
[22:47:21] [1;33mSHORT[0m   nw/naive / seq-len_32__num-seq_2048__repeat_1  time=0.086596391s  gcups=0.0242  (< 15s)
[22:47:33] [1;33mSHORT[0m   nw/naive / seq-len_512__num-seq_128__repeat_1  time=0.296611129s  gcups=0.1131  (< 15s)
[22:47:36] [1;33mSHORT[0m   nw/naive / seq-len_64__num-seq_1024__repeat_1  time=0.099995196s  gcups=0.0419  (< 15s)


[22:47:36] [0;36m=== Run complete ===[0m
[22:47:36] Total tests    : 7
[22:47:36] Results CSV    : /home/zephans/bsg_bladerunner/bsg_replicant/examples/hb_hammerbench/apps/programs/results/results_20260423_224604.csv
[22:47:36] Full log       : /home/zephans/bsg_bladerunner/bsg_replicant/examples/hb_hammerbench/apps/programs/results/run_20260423_224604.log
./run_experiments.sh: line 316: 0
0: syntax error in expression (error token is "0")
./run_experiments.sh: line 317: n_pass: unbound variable
