[20:53:20] Starting experiment run at Thu Apr 23 20:53:20 PDT 2026
[20:53:20] CSV output  : /home/zephans/bsg_bladerunner/bsg_replicant/examples/hb_hammerbench/apps/programs/results/results_20260423_205320.csv
[20:53:20] Log output  : /home/zephans/bsg_bladerunner/bsg_replicant/examples/hb_hammerbench/apps/programs/results/run_20260423_205320.log
[20:53:20] Apps to run : sw/2d nw/efficient dummy/roofline sw/1d nw/baseline nw/naive
[20:53:20] UNIT_ID     : 2
[20:53:20] Speed label : fast
[20:53:20] Timeout     : 3600s per test


[20:53:20] [0;36m=== sw/2d ===[0m
[20:53:20]   Regenerating test directories for sw/2d...
[20:53:20]   Found 8 test(s)
[20:53:42] [0;32mOK[0m      sw/2d / seq-len_128__num-seq_1024__repeat_4096  time=18.774831415s  gcups=3.6602
[20:54:03] [0;32mOK[0m      sw/2d / seq-len_128__num-seq_1024__repeat_4096__pod-unique-data_1  time=18.784295243s  gcups=3.6583
[20:54:29] [0;32mOK[0m      sw/2d / seq-len_128__num-seq_8192__repeat_512  time=22.215931041s  gcups=3.0933
[20:54:54] [0;32mOK[0m      sw/2d / seq-len_192__num-seq_4096__repeat_512  time=22.144819234s  gcups=3.4911
[20:55:23] [0;32mOK[0m      sw/2d / seq-len_192__num-seq_640__repeat_4096  time=25.381936939s  gcups=3.8073
[20:55:51] [0;32mOK[0m      sw/2d / seq-len_192__num-seq_640__repeat_4096__pod-unique-data_1  time=25.386121068s  gcups=3.8067
[20:57:30] [0;32mOK[0m      sw/2d / seq-len_32__num-seq_32768__repeat_2048  time=85.358234760s  gcups=0.8051
[20:58:10] [0;32mOK[0m      sw/2d / seq-len_64__num-seq_16384__repeat_1024  time=36.320140506s  gcups=1.8920

[20:58:10] [0;36m=== nw/efficient ===[0m
[20:58:10]   Regenerating test directories for nw/efficient...
[20:58:11]   Found 7 test(s)
[20:58:12] [0;31mCOMPILE[0m nw/efficient / seq-len_1024__num-seq_1024__repeat_2 (exit 2 — check /home/zephans/bsg_bladerunner/bsg_replicant/examples/hb_hammerbench/apps/programs/nw/efficient/seq-len_1024__num-seq_1024__repeat_2/run.log)
         riscv_register_priority: TARGET_RVC == 0
         riscv_register_priority: TARGET_RVC == 0
         riscv_register_priority: TARGET_RVC == 0
         riscv_register_priority: TARGET_RVC == 0
         /home/zephans/bsg_bladerunner/bsg_manycore/software/riscv-tools//riscv-install/bin/riscv32-unknown-elf-dramfs-gcc -frerun-cse-after-loop -fweb -frename-registers -mtune=bsg_vanilla_2020 -T bsg_link.ld crt.rvo main.rvo kernel.rvo -Wl,--defsym,_bsg_elf_dram_size=1073741824 -Wl,--defsym,_bsg_elf_vcache_size=131072 -Wl,--defsym,_bsg_elf_stack_ptr=0x00000ffc -nostdlib -march=rv32imaf -nostartfiles -ffast-math -lc -lm -lgcc -L. -lbsg_manycore_riscv -Wl,--no-check-sections  -o main.riscv
         /home/zephans/bsg_bladerunner/bsg_manycore/software/riscv-tools/riscv-install/lib/gcc/riscv32-unknown-elf-dramfs/9.2.0/../../../../riscv32-unknown-elf-dramfs/bin/ld: main.riscv section `.bss.dmem' will not fit in region `DMEM_VMA'
         /home/zephans/bsg_bladerunner/bsg_manycore/software/riscv-tools/riscv-install/lib/gcc/riscv32-unknown-elf-dramfs/9.2.0/../../../../riscv32-unknown-elf-dramfs/bin/ld: Error: dmem size limit exceeded
         collect2: error: ld returned 1 exit status
         make: *** [main.riscv] Error 1
         make: Leaving directory `/home/zephans/bsg_bladerunner/bsg_replicant/examples/hb_hammerbench/apps/programs/nw/efficient/seq-len_1024__num-seq_1024__repeat_2'
