[21:17:09] Starting experiment run at Thu Apr 23 21:17:09 PDT 2026
[21:17:09] CSV output  : /home/zephans/bsg_bladerunner/bsg_replicant/examples/hb_hammerbench/apps/programs/results/results_20260423_211709.csv
[21:17:09] Log output  : /home/zephans/bsg_bladerunner/bsg_replicant/examples/hb_hammerbench/apps/programs/results/run_20260423_211709.log
[21:17:09] Apps to run : sw/2d dummy/roofline sw/1d nw/baseline nw/naive
[21:17:09] UNIT_ID     : 2
[21:17:09] Speed label : fast
[21:17:09] Timeout     : 3600s per test


[21:17:09] [0;36m=== sw/2d ===[0m
[21:17:09]   Regenerating test directories for sw/2d...
[21:17:09]   Found 8 test(s)
[21:17:31] [0;32mOK[0m      sw/2d / seq-len_128__num-seq_1024__repeat_4096  time=18.762701220s  gcups=3.6626
[21:17:53] [0;32mOK[0m      sw/2d / seq-len_128__num-seq_1024__repeat_4096__pod-unique-data_1  time=18.771892880s  gcups=3.6608
[21:18:18] [0;32mOK[0m      sw/2d / seq-len_128__num-seq_8192__repeat_512  time=22.214084964s  gcups=3.0935
[21:18:44] [0;32mOK[0m      sw/2d / seq-len_192__num-seq_4096__repeat_512  time=22.136296577s  gcups=3.4924
[21:19:12] [0;32mOK[0m      sw/2d / seq-len_192__num-seq_640__repeat_4096  time=25.366268943s  gcups=3.8097
[21:19:41] [0;32mOK[0m      sw/2d / seq-len_192__num-seq_640__repeat_4096__pod-unique-data_1  time=25.371449729s  gcups=3.8089
[21:20:07] [0;32mOK[0m      sw/2d / seq-len_32__num-seq_32768__repeat_512  time=21.388280295s  gcups=0.8032
[21:20:28] [0;32mOK[0m      sw/2d / seq-len_64__num-seq_16384__repeat_512  time=18.193408010s  gcups=1.8886

[21:20:28] [0;36m=== dummy/roofline ===[0m
[21:20:28]   Regenerating test directories for dummy/roofline...
[21:20:29]   Found 11 test(s)
[21:20:30] [0;32mOK[0m      dummy/roofline / ops_1024__n-elems_1048576__repeat_4  time=0.273952332s  AI=256.0000 ops/B  bw=0.1225 GB/s  gops=31.3556
[21:20:32] [0;32mOK[0m      dummy/roofline / ops_128__n-elems_1048576__repeat_4  time=0.249439719s  AI=32.0000 ops/B  bw=0.1345 GB/s  gops=4.3046
[21:20:33] [0;32mOK[0m      dummy/roofline / ops_16__n-elems_1048576__repeat_4  time=0.268310107s  AI=4.0000 ops/B  bw=0.1251 GB/s  gops=0.5002
[21:20:35] [0;32mOK[0m      dummy/roofline / ops_1__n-elems_1048576__repeat_4  time=0.248393235s  AI=0.2500 ops/B  bw=0.1351 GB/s  gops=0.0338
[21:20:36] [0;32mOK[0m      dummy/roofline / ops_256__n-elems_1048576__repeat_4  time=0.228444481s  AI=64.0000 ops/B  bw=0.1469 GB/s  gops=9.4005
[21:20:38] [0;32mOK[0m      dummy/roofline / ops_2__n-elems_1048576__repeat_4  time=0.258107483s  AI=0.5000 ops/B  bw=0.1300 GB/s  gops=0.0650
[21:20:39] [0;32mOK[0m      dummy/roofline / ops_32__n-elems_1048576__repeat_4  time=0.249998195s  AI=8.0000 ops/B  bw=0.1342 GB/s  gops=1.0737
[21:20:41] [0;32mOK[0m      dummy/roofline / ops_4__n-elems_1048576__repeat_4  time=0.258582339s  AI=1.0000 ops/B  bw=0.1298 GB/s  gops=0.1298
[21:20:43] [0;32mOK[0m      dummy/roofline / ops_512__n-elems_1048576__repeat_4  time=0.189967822s  AI=128.0000 ops/B  bw=0.1766 GB/s  gops=22.6089
[21:20:44] [0;32mOK[0m      dummy/roofline / ops_64__n-elems_1048576__repeat_4  time=0.250815106s  AI=16.0000 ops/B  bw=0.1338 GB/s  gops=2.1405
[21:20:46] [0;32mOK[0m      dummy/roofline / ops_8__n-elems_1048576__repeat_4  time=0.256734114s  AI=2.0000 ops/B  bw=0.1307 GB/s  gops=0.2614

[21:20:46] [0;36m=== sw/1d ===[0m
[21:20:46]   Regenerating test directories for sw/1d...
[21:20:46]   Found 33 test(s)
[21:21:06] [0;32mOK[0m      sw/1d / seq-len_1024__num-seq_1024__repeat_64  time=17.731290454s  gcups=3.8756
[21:21:29] [0;32mOK[0m      sw/1d / seq-len_1024__num-seq_1024__repeat_64__cpg_128  time=21.032314211s  gcups=3.2673
[21:21:49] [0;32mOK[0m      sw/1d / seq-len_1024__num-seq_1024__repeat_64__cpg_16  time=18.190957665s  gcups=3.7777
[21:22:10] [0;32mOK[0m      sw/1d / seq-len_1024__num-seq_1024__repeat_64__cpg_4  time=17.572484117s  gcups=3.9106
[21:22:32] [0;32mOK[0m      sw/1d / seq-len_128__num-seq_8192__repeat_512  time=19.664456590s  gcups=3.4946
[21:22:52] [0;32mOK[0m      sw/1d / seq-len_128__num-seq_8192__repeat_512__cpg_1  time=17.445930102s  gcups=3.9390
