[18:30:41] Starting experiment run at Tue Apr 28 18:30:41 PDT 2026
[18:30:41] Experiment  : nw_seqlen_fast
[18:30:41] CSV output  : /home/zephans/bsg_bladerunner/bsg_replicant/examples/hb_hammerbench/apps/programs/results/results_20260428_183041.csv
[18:30:41] Log output  : /home/zephans/bsg_bladerunner/bsg_replicant/examples/hb_hammerbench/apps/programs/results/run_20260428_183041.log
[18:30:41] Apps to run : nw/baseline nw/efficient
[18:30:41] UNIT_ID     : 2
[18:30:41] Speed label : fast
[18:30:41] Timeout     : 30s per test

[18:30:41] Pre-flight reset (may prompt for sudo password)
sudo /cluster_src/reset_half/hb_board_v0.5_init.bin 2
[BSG INFO] checking if init full software directory is valid
[BSG INFO] pressing soft reset button
[BSG INFO] performing reset full
Local  0 temperature is 25.5000 degree C
Remote 1 temperature is 31.0625 degree C
Remote 2 temperature is 31.9375 degree C
[BSG INFO] pressing soft reset button
[BSG INFO] performing reset full
Local  0 temperature is 25.5000 degree C
Remote 1 temperature is 30.8125 degree C
Remote 2 temperature is 31.6250 degree C
[BSG INFO] cleaning init full software
[BSG INFO] starting init full software
[BSG INFO] checking if init full software still running
[BSG INFO] performing refresh sdr full
[BSG INFO] finishing init full software
[BSG INFO] checking if init full software passed
[BSG INFO] performing refresh sdr init full
[BSG INFO] cleaning init full software
[BSG INFO] initialization succeeded
[18:30:55] reset complete


[18:30:55] [0;36m=== nw/baseline ===[0m
[18:30:55]   Regenerating test directories for nw/baseline...
[18:30:55]   Found 3 test(s)
[18:31:13] [0;32mOK[0m      nw/baseline / seq-len_128__num-seq_8176__repeat_512  time=16.677151s  gcups=4.1125
[18:31:40] [0;32mOK[0m      nw/baseline / seq-len_32__num-seq_32752__repeat_2048  time=25.252048s  gcups=2.7200
[18:32:00] [0;32mOK[0m      nw/baseline / seq-len_64__num-seq_16368__repeat_1024  time=18.94796s  gcups=3.6232

[18:32:00] [0;36m=== nw/efficient ===[0m
[18:32:00]   Regenerating test directories for nw/efficient...
[18:32:00]   Found 3 test(s)
[18:32:13] [1;33mSHORT[0m   nw/efficient / seq-len_128__num-seq_8176__repeat_127  time=10.045721s  gcups=1.6935  (< 15s)
[18:32:34] [0;32mOK[0m      nw/efficient / seq-len_32__num-seq_32752__repeat_511  time=18.571238s  gcups=0.9228
[18:32:49] [1;33mSHORT[0m   nw/efficient / seq-len_64__num-seq_16368__repeat_255  time=12.080263s  gcups=1.4152  (< 15s)


[18:32:49] [0;36m=== Run complete ===[0m
[18:32:49] Total tests    : 6
[18:32:49] Results CSV    : /home/zephans/bsg_bladerunner/bsg_replicant/examples/hb_hammerbench/apps/programs/results/results_20260428_183041.csv
[18:32:49] Full log       : /home/zephans/bsg_bladerunner/bsg_replicant/examples/hb_hammerbench/apps/programs/results/run_20260428_183041.log
[18:32:49] Passed         : 6
[18:32:49] Failed/Timeout : 0

[18:32:49] Mark this run as successful and archive to /home/zephans/bsg_bladerunner/bsg_replicant/examples/hb_hammerbench/apps/programs/results/success? [y/N] [18:32:54] [0;32mOK[0m  Archived results_20260428_183041.csv and run_20260428_183041.log to /home/zephans/bsg_bladerunner/bsg_replicant/examples/hb_hammerbench/apps/programs/results/success
